[1.466s] Invoking command in '/home/moustafaahmed13/ros2_ws/src/Autonomous_Systems_Project_Team_17': DEBUGINFOD_URLS=https://debuginfod.ubuntu.com PYTHONPATH=/home/moustafaahmed13/ros2_ws/build/Autonomous_Systems_Project_Team_17/prefix_override:/usr/lib/python3/dist-packages/colcon_core/task/python/colcon_distutils_commands:/home/moustafaahmed13/ros2_ws/install/Autonomous_Systems_Project_Team_17/lib/python3.12/site-packages:${PYTHONPATH} /usr/bin/python3 -W ignore:setup.py install is deprecated -W ignore:easy_install command is deprecated setup.py egg_info --egg-base ../../build/Autonomous_Systems_Project_Team_17 build --build-base /home/moustafaahmed13/ros2_ws/build/Autonomous_Systems_Project_Team_17/build install --record /home/moustafaahmed13/ros2_ws/build/Autonomous_Systems_Project_Team_17/install.log --single-version-externally-managed install_data
[1.963s] running egg_info
[2.006s] writing ../../build/Autonomous_Systems_Project_Team_17/Autonomous_Systems_Project_Team_17.egg-info/PKG-INFO
[2.006s] writing dependency_links to ../../build/Autonomous_Systems_Project_Team_17/Autonomous_Systems_Project_Team_17.egg-info/dependency_links.txt
[2.007s] writing entry points to ../../build/Autonomous_Systems_Project_Team_17/Autonomous_Systems_Project_Team_17.egg-info/entry_points.txt
[2.007s] writing requirements to ../../build/Autonomous_Systems_Project_Team_17/Autonomous_Systems_Project_Team_17.egg-info/requires.txt
[2.007s] writing top-level names to ../../build/Autonomous_Systems_Project_Team_17/Autonomous_Systems_Project_Team_17.egg-info/top_level.txt
[2.093s] reading manifest file '../../build/Autonomous_Systems_Project_Team_17/Autonomous_Systems_Project_Team_17.egg-info/SOURCES.txt'
[2.094s] writing manifest file '../../build/Autonomous_Systems_Project_Team_17/Autonomous_Systems_Project_Team_17.egg-info/SOURCES.txt'
[2.095s] running build
[2.095s] running build_py
[2.095s] running install
[2.103s] running install_lib
[2.147s] running install_data
[2.147s] running install_egg_info
[2.191s] removing '/home/moustafaahmed13/ros2_ws/install/Autonomous_Systems_Project_Team_17/lib/python3.12/site-packages/Autonomous_Systems_Project_Team_17-0.0.0-py3.12.egg-info' (and everything under it)
[2.192s] Copying ../../build/Autonomous_Systems_Project_Team_17/Autonomous_Systems_Project_Team_17.egg-info to /home/moustafaahmed13/ros2_ws/install/Autonomous_Systems_Project_Team_17/lib/python3.12/site-packages/Autonomous_Systems_Project_Team_17-0.0.0-py3.12.egg-info
[2.193s] running install_scripts
[2.462s] Installing Validation_printing_node script to /home/moustafaahmed13/ros2_ws/install/Autonomous_Systems_Project_Team_17/lib/Autonomous_Systems_Project_Team_17
[2.462s] writing list of installed files to '/home/moustafaahmed13/ros2_ws/build/Autonomous_Systems_Project_Team_17/install.log'
[2.496s] Invoked command in '/home/moustafaahmed13/ros2_ws/src/Autonomous_Systems_Project_Team_17' returned '0': DEBUGINFOD_URLS=https://debuginfod.ubuntu.com PYTHONPATH=/home/moustafaahmed13/ros2_ws/build/Autonomous_Systems_Project_Team_17/prefix_override:/usr/lib/python3/dist-packages/colcon_core/task/python/colcon_distutils_commands:/home/moustafaahmed13/ros2_ws/install/Autonomous_Systems_Project_Team_17/lib/python3.12/site-packages:${PYTHONPATH} /usr/bin/python3 -W ignore:setup.py install is deprecated -W ignore:easy_install command is deprecated setup.py egg_info --egg-base ../../build/Autonomous_Systems_Project_Team_17 build --build-base /home/moustafaahmed13/ros2_ws/build/Autonomous_Systems_Project_Team_17/build install --record /home/moustafaahmed13/ros2_ws/build/Autonomous_Systems_Project_Team_17/install.log --single-version-externally-managed install_data
