running develop
running egg_info
creating Autonomous_Systems_Project_Team_17.egg-info
writing Autonomous_Systems_Project_Team_17.egg-info/PKG-INFO
writing dependency_links to Autonomous_Systems_Project_Team_17.egg-info/dependency_links.txt
writing entry points to Autonomous_Systems_Project_Team_17.egg-info/entry_points.txt
writing requirements to Autonomous_Systems_Project_Team_17.egg-info/requires.txt
writing top-level names to Autonomous_Systems_Project_Team_17.egg-info/top_level.txt
writing manifest file 'Autonomous_Systems_Project_Team_17.egg-info/SOURCES.txt'
reading manifest file 'Autonomous_Systems_Project_Team_17.egg-info/SOURCES.txt'
writing manifest file 'Autonomous_Systems_Project_Team_17.egg-info/SOURCES.txt'
running build_ext
Creating /home/moustafaahmed13/ros2_ws/install/Autonomous_Systems_Project_Team_17/lib/python3.12/site-packages/Autonomous-Systems-Project-Team-17.egg-link (link to .)
Installing Validation_printing_node script to /home/moustafaahmed13/ros2_ws/install/Autonomous_Systems_Project_Team_17/lib/Autonomous_Systems_Project_Team_17

Installed /home/moustafaahmed13/ros2_ws/build/Autonomous_Systems_Project_Team_17
running symlink_data
creating /home/moustafaahmed13/ros2_ws/install/Autonomous_Systems_Project_Team_17/share/ament_index
creating /home/moustafaahmed13/ros2_ws/install/Autonomous_Systems_Project_Team_17/share/ament_index/resource_index
creating /home/moustafaahmed13/ros2_ws/install/Autonomous_Systems_Project_Team_17/share/ament_index/resource_index/packages
symbolically linking /home/moustafaahmed13/ros2_ws/build/Autonomous_Systems_Project_Team_17/resource/Autonomous_Systems_Project_Team_17 -> /home/moustafaahmed13/ros2_ws/install/Autonomous_Systems_Project_Team_17/share/ament_index/resource_index/packages
symbolically linking /home/moustafaahmed13/ros2_ws/build/Autonomous_Systems_Project_Team_17/package.xml -> /home/moustafaahmed13/ros2_ws/install/Autonomous_Systems_Project_Team_17/share/Autonomous_Systems_Project_Team_17
