[1.475s] Invoking command in '/home/moustafaahmed13/ros2_ws/build/Autonomous_Systems_Project_Team_17': DEBUGINFOD_URLS=https://debuginfod.ubuntu.com PYTHONPATH=/home/moustafaahmed13/ros2_ws/build/Autonomous_Systems_Project_Team_17/prefix_override:/usr/lib/python3/dist-packages/colcon_core/task/python/colcon_distutils_commands:/home/moustafaahmed13/ros2_ws/install/Autonomous_Systems_Project_Team_17/lib/python3.12/site-packages:${PYTHONPATH} /usr/bin/python3 -W ignore:setup.py install is deprecated -W ignore:easy_install command is deprecated setup.py develop --editable --build-directory /home/moustafaahmed13/ros2_ws/build/Autonomous_Systems_Project_Team_17/build --no-deps symlink_data
[2.080s] running develop
[2.519s] running egg_info
[2.519s] creating Autonomous_Systems_Project_Team_17.egg-info
[2.563s] writing Autonomous_Systems_Project_Team_17.egg-info/PKG-INFO
[2.563s] writing dependency_links to Autonomous_Systems_Project_Team_17.egg-info/dependency_links.txt
[2.564s] writing entry points to Autonomous_Systems_Project_Team_17.egg-info/entry_points.txt
[2.564s] writing requirements to Autonomous_Systems_Project_Team_17.egg-info/requires.txt
[2.565s] writing top-level names to Autonomous_Systems_Project_Team_17.egg-info/top_level.txt
[2.565s] writing manifest file 'Autonomous_Systems_Project_Team_17.egg-info/SOURCES.txt'
[2.654s] reading manifest file 'Autonomous_Systems_Project_Team_17.egg-info/SOURCES.txt'
[2.655s] writing manifest file 'Autonomous_Systems_Project_Team_17.egg-info/SOURCES.txt'
[2.700s] running build_ext
[2.700s] Creating /home/moustafaahmed13/ros2_ws/install/Autonomous_Systems_Project_Team_17/lib/python3.12/site-packages/Autonomous-Systems-Project-Team-17.egg-link (link to .)
[2.701s] Installing Validation_printing_node script to /home/moustafaahmed13/ros2_ws/install/Autonomous_Systems_Project_Team_17/lib/Autonomous_Systems_Project_Team_17
[2.701s] 
[2.701s] Installed /home/moustafaahmed13/ros2_ws/build/Autonomous_Systems_Project_Team_17
[2.701s] running symlink_data
[2.701s] creating /home/moustafaahmed13/ros2_ws/install/Autonomous_Systems_Project_Team_17/share/ament_index
[2.702s] creating /home/moustafaahmed13/ros2_ws/install/Autonomous_Systems_Project_Team_17/share/ament_index/resource_index
[2.702s] creating /home/moustafaahmed13/ros2_ws/install/Autonomous_Systems_Project_Team_17/share/ament_index/resource_index/packages
[2.702s] symbolically linking /home/moustafaahmed13/ros2_ws/build/Autonomous_Systems_Project_Team_17/resource/Autonomous_Systems_Project_Team_17 -> /home/moustafaahmed13/ros2_ws/install/Autonomous_Systems_Project_Team_17/share/ament_index/resource_index/packages
[2.702s] symbolically linking /home/moustafaahmed13/ros2_ws/build/Autonomous_Systems_Project_Team_17/package.xml -> /home/moustafaahmed13/ros2_ws/install/Autonomous_Systems_Project_Team_17/share/Autonomous_Systems_Project_Team_17
[2.753s] Invoked command in '/home/moustafaahmed13/ros2_ws/build/Autonomous_Systems_Project_Team_17' returned '0': DEBUGINFOD_URLS=https://debuginfod.ubuntu.com PYTHONPATH=/home/moustafaahmed13/ros2_ws/build/Autonomous_Systems_Project_Team_17/prefix_override:/usr/lib/python3/dist-packages/colcon_core/task/python/colcon_distutils_commands:/home/moustafaahmed13/ros2_ws/install/Autonomous_Systems_Project_Team_17/lib/python3.12/site-packages:${PYTHONPATH} /usr/bin/python3 -W ignore:setup.py install is deprecated -W ignore:easy_install command is deprecated setup.py develop --editable --build-directory /home/moustafaahmed13/ros2_ws/build/Autonomous_Systems_Project_Team_17/build --no-deps symlink_data
