[1.492s] Invoking command in '/home/moustafaahmed13/ros2_ws/build/Autonomous_Systems_Project_Team_17': DEBUGINFOD_URLS=https://debuginfod.ubuntu.com PYTHONPATH=/home/moustafaahmed13/ros2_ws/build/Autonomous_Systems_Project_Team_17/prefix_override:/usr/lib/python3/dist-packages/colcon_core/task/python/colcon_distutils_commands:/home/moustafaahmed13/ros2_ws/install/Autonomous_Systems_Project_Team_17/lib/python3.12/site-packages:${PYTHONPATH} /usr/bin/python3 -W ignore:setup.py install is deprecated -W ignore:easy_install command is deprecated setup.py develop --uninstall --editable --build-directory /home/moustafaahmed13/ros2_ws/build/Autonomous_Systems_Project_Team_17/build
[2.059s] running develop
[2.501s] Removing /home/moustafaahmed13/ros2_ws/install/Autonomous_Systems_Project_Team_17/lib/python3.12/site-packages/Autonomous-Systems-Project-Team-17.egg-link (link to .)
[2.545s] Invoked command in '/home/moustafaahmed13/ros2_ws/build/Autonomous_Systems_Project_Team_17' returned '0': DEBUGINFOD_URLS=https://debuginfod.ubuntu.com PYTHONPATH=/home/moustafaahmed13/ros2_ws/build/Autonomous_Systems_Project_Team_17/prefix_override:/usr/lib/python3/dist-packages/colcon_core/task/python/colcon_distutils_commands:/home/moustafaahmed13/ros2_ws/install/Autonomous_Systems_Project_Team_17/lib/python3.12/site-packages:${PYTHONPATH} /usr/bin/python3 -W ignore:setup.py install is deprecated -W ignore:easy_install command is deprecated setup.py develop --uninstall --editable --build-directory /home/moustafaahmed13/ros2_ws/build/Autonomous_Systems_Project_Team_17/build
[2.546s] Invoking command in '/home/moustafaahmed13/ros2_ws/src/Autonomous_Systems_Project_Team_17': DEBUGINFOD_URLS=https://debuginfod.ubuntu.com PYTHONPATH=/home/moustafaahmed13/ros2_ws/build/Autonomous_Systems_Project_Team_17/prefix_override:/usr/lib/python3/dist-packages/colcon_core/task/python/colcon_distutils_commands:/home/moustafaahmed13/ros2_ws/install/Autonomous_Systems_Project_Team_17/lib/python3.12/site-packages:${PYTHONPATH} /usr/bin/python3 -W ignore:setup.py install is deprecated -W ignore:easy_install command is deprecated setup.py egg_info --egg-base ../../build/Autonomous_Systems_Project_Team_17 build --build-base /home/moustafaahmed13/ros2_ws/build/Autonomous_Systems_Project_Team_17/build install --record /home/moustafaahmed13/ros2_ws/build/Autonomous_Systems_Project_Team_17/install.log --single-version-externally-managed install_data --force
[3.057s] running egg_info
[3.100s] writing ../../build/Autonomous_Systems_Project_Team_17/Autonomous_Systems_Project_Team_17.egg-info/PKG-INFO
[3.101s] writing dependency_links to ../../build/Autonomous_Systems_Project_Team_17/Autonomous_Systems_Project_Team_17.egg-info/dependency_links.txt
[3.101s] writing entry points to ../../build/Autonomous_Systems_Project_Team_17/Autonomous_Systems_Project_Team_17.egg-info/entry_points.txt
[3.101s] writing requirements to ../../build/Autonomous_Systems_Project_Team_17/Autonomous_Systems_Project_Team_17.egg-info/requires.txt
[3.101s] writing top-level names to ../../build/Autonomous_Systems_Project_Team_17/Autonomous_Systems_Project_Team_17.egg-info/top_level.txt
[3.190s] reading manifest file '../../build/Autonomous_Systems_Project_Team_17/Autonomous_Systems_Project_Team_17.egg-info/SOURCES.txt'
[3.191s] writing manifest file '../../build/Autonomous_Systems_Project_Team_17/Autonomous_Systems_Project_Team_17.egg-info/SOURCES.txt'
[3.191s] running build
[3.191s] running build_py
[3.191s] creating /home/moustafaahmed13/ros2_ws/build/Autonomous_Systems_Project_Team_17/build
[3.192s] creating /home/moustafaahmed13/ros2_ws/build/Autonomous_Systems_Project_Team_17/build/lib
[3.192s] creating /home/moustafaahmed13/ros2_ws/build/Autonomous_Systems_Project_Team_17/build/lib/Autonomous_Systems_Project_Team_17
[3.192s] copying Autonomous_Systems_Project_Team_17/__init__.py -> /home/moustafaahmed13/ros2_ws/build/Autonomous_Systems_Project_Team_17/build/lib/Autonomous_Systems_Project_Team_17
[3.192s] copying Autonomous_Systems_Project_Team_17/Validation_Printing_Node_Team_17.py -> /home/moustafaahmed13/ros2_ws/build/Autonomous_Systems_Project_Team_17/build/lib/Autonomous_Systems_Project_Team_17
[3.192s] running install
[3.200s] running install_lib
[3.245s] creating /home/moustafaahmed13/ros2_ws/install/Autonomous_Systems_Project_Team_17/lib/python3.12/site-packages/Autonomous_Systems_Project_Team_17
[3.245s] copying /home/moustafaahmed13/ros2_ws/build/Autonomous_Systems_Project_Team_17/build/lib/Autonomous_Systems_Project_Team_17/__init__.py -> /home/moustafaahmed13/ros2_ws/install/Autonomous_Systems_Project_Team_17/lib/python3.12/site-packages/Autonomous_Systems_Project_Team_17
[3.245s] copying /home/moustafaahmed13/ros2_ws/build/Autonomous_Systems_Project_Team_17/build/lib/Autonomous_Systems_Project_Team_17/Validation_Printing_Node_Team_17.py -> /home/moustafaahmed13/ros2_ws/install/Autonomous_Systems_Project_Team_17/lib/python3.12/site-packages/Autonomous_Systems_Project_Team_17
[3.246s] byte-compiling /home/moustafaahmed13/ros2_ws/install/Autonomous_Systems_Project_Team_17/lib/python3.12/site-packages/Autonomous_Systems_Project_Team_17/__init__.py to __init__.cpython-312.pyc
[3.246s] byte-compiling /home/moustafaahmed13/ros2_ws/install/Autonomous_Systems_Project_Team_17/lib/python3.12/site-packages/Autonomous_Systems_Project_Team_17/Validation_Printing_Node_Team_17.py to Validation_Printing_Node_Team_17.cpython-312.pyc
[3.247s] running install_data
[3.247s] copying resource/Autonomous_Systems_Project_Team_17 -> /home/moustafaahmed13/ros2_ws/install/Autonomous_Systems_Project_Team_17/share/ament_index/resource_index/packages
[3.247s] copying package.xml -> /home/moustafaahmed13/ros2_ws/install/Autonomous_Systems_Project_Team_17/share/Autonomous_Systems_Project_Team_17
[3.247s] running install_egg_info
[3.293s] Copying ../../build/Autonomous_Systems_Project_Team_17/Autonomous_Systems_Project_Team_17.egg-info to /home/moustafaahmed13/ros2_ws/install/Autonomous_Systems_Project_Team_17/lib/python3.12/site-packages/Autonomous_Systems_Project_Team_17-0.0.0-py3.12.egg-info
[3.294s] running install_scripts
[3.566s] Installing Validation_printing_node script to /home/moustafaahmed13/ros2_ws/install/Autonomous_Systems_Project_Team_17/lib/Autonomous_Systems_Project_Team_17
[3.566s] writing list of installed files to '/home/moustafaahmed13/ros2_ws/build/Autonomous_Systems_Project_Team_17/install.log'
[3.601s] Invoked command in '/home/moustafaahmed13/ros2_ws/src/Autonomous_Systems_Project_Team_17' returned '0': DEBUGINFOD_URLS=https://debuginfod.ubuntu.com PYTHONPATH=/home/moustafaahmed13/ros2_ws/build/Autonomous_Systems_Project_Team_17/prefix_override:/usr/lib/python3/dist-packages/colcon_core/task/python/colcon_distutils_commands:/home/moustafaahmed13/ros2_ws/install/Autonomous_Systems_Project_Team_17/lib/python3.12/site-packages:${PYTHONPATH} /usr/bin/python3 -W ignore:setup.py install is deprecated -W ignore:easy_install command is deprecated setup.py egg_info --egg-base ../../build/Autonomous_Systems_Project_Team_17 build --build-base /home/moustafaahmed13/ros2_ws/build/Autonomous_Systems_Project_Team_17/build install --record /home/moustafaahmed13/ros2_ws/build/Autonomous_Systems_Project_Team_17/install.log --single-version-externally-managed install_data --force
