[0.377s] Invoking command in '/home/moustafaahmed13/ros2_ws/build/gazebo_ackermann_steering_vehicle': CMAKE_PREFIX_PATH=${CMAKE_PREFIX_PATH}:/home/moustafaahmed13/ros2_ws/install/mouse_teleop:/home/moustafaahmed13/ros2_ws/install/key_teleop:/home/moustafaahmed13/ros2_ws/install/f1tenth_gym_ros:/home/moustafaahmed13/ros2_ws/install/Autonomous_Systems_Project_Team_17:/home/moustafaahmed13/ros2_ws/src/f1tenth_gym_ros/install/f1tenth_gym_ros:/opt/ros/jazzy DEBUGINFOD_URLS=https://debuginfod.ubuntu.com /usr/bin/cmake /home/moustafaahmed13/ros2_ws/src/gazebo_ackermann_steering_vehicle -DCMAKE_INSTALL_PREFIX=/home/moustafaahmed13/ros2_ws/install/gazebo_ackermann_steering_vehicle
[0.399s] -- Found ament_cmake: 2.5.5 (/opt/ros/jazzy/share/ament_cmake/cmake)
[0.705s] -- Override CMake install command with custom implementation using symlinks instead of copying resources
[0.716s] -- Found rclcpp: 28.1.16 (/opt/ros/jazzy/share/rclcpp/cmake)
[0.761s] -- Found rosidl_generator_c: 4.6.7 (/opt/ros/jazzy/share/rosidl_generator_c/cmake)
[0.775s] -- Found rosidl_generator_cpp: 4.6.7 (/opt/ros/jazzy/share/rosidl_generator_cpp/cmake)
[0.795s] -- Using all available rosidl_typesupport_c: rosidl_typesupport_fastrtps_c;rosidl_typesupport_introspection_c
[0.818s] -- Using all available rosidl_typesupport_cpp: rosidl_typesupport_fastrtps_cpp;rosidl_typesupport_introspection_cpp
[0.912s] -- Found rmw_implementation_cmake: 7.3.3 (/opt/ros/jazzy/share/rmw_implementation_cmake/cmake)
[0.915s] -- Found rmw_fastrtps_cpp: 8.4.3 (/opt/ros/jazzy/share/rmw_fastrtps_cpp/cmake)
[1.014s] -- Using RMW implementation 'rmw_fastrtps_cpp' as default
[1.113s] -- Found std_msgs: 5.3.6 (/opt/ros/jazzy/share/std_msgs/cmake)
[1.133s] -- Found sensor_msgs: 5.3.6 (/opt/ros/jazzy/share/sensor_msgs/cmake)
[1.195s] -- Found ament_lint_auto: 0.17.4 (/opt/ros/jazzy/share/ament_lint_auto/cmake)
[1.337s] -- Added test 'cppcheck' to perform static code analysis on C / C++ code
[1.337s] -- Configured cppcheck include dirs: /home/moustafaahmed13/ros2_ws/src/gazebo_ackermann_steering_vehicle/include
[1.337s] -- Configured cppcheck exclude dirs and/or files: 
[1.339s] -- Added test 'flake8' to check Python code syntax and style conventions
[1.339s] -- Configured 'flake8' exclude dirs and/or files: 
[1.340s] -- Added test 'lint_cmake' to check CMake code style
[1.341s] -- Added test 'pep257' to check Python code against some of the docstring style conventions in PEP 257
[1.347s] -- Added test 'uncrustify' to check C / C++ code style
[1.347s] -- Configured uncrustify additional arguments: 
[1.348s] -- Added test 'xmllint' to check XML markup files
[1.350s] -- Configuring done (1.0s)
[1.371s] -- Generating done (0.0s)
[1.378s] -- Build files have been written to: /home/moustafaahmed13/ros2_ws/build/gazebo_ackermann_steering_vehicle
[1.390s] Invoked command in '/home/moustafaahmed13/ros2_ws/build/gazebo_ackermann_steering_vehicle' returned '0': CMAKE_PREFIX_PATH=${CMAKE_PREFIX_PATH}:/home/moustafaahmed13/ros2_ws/install/mouse_teleop:/home/moustafaahmed13/ros2_ws/install/key_teleop:/home/moustafaahmed13/ros2_ws/install/f1tenth_gym_ros:/home/moustafaahmed13/ros2_ws/install/Autonomous_Systems_Project_Team_17:/home/moustafaahmed13/ros2_ws/src/f1tenth_gym_ros/install/f1tenth_gym_ros:/opt/ros/jazzy DEBUGINFOD_URLS=https://debuginfod.ubuntu.com /usr/bin/cmake /home/moustafaahmed13/ros2_ws/src/gazebo_ackermann_steering_vehicle -DCMAKE_INSTALL_PREFIX=/home/moustafaahmed13/ros2_ws/install/gazebo_ackermann_steering_vehicle
[1.391s] Invoking command in '/home/moustafaahmed13/ros2_ws/build/gazebo_ackermann_steering_vehicle': CMAKE_PREFIX_PATH=${CMAKE_PREFIX_PATH}:/home/moustafaahmed13/ros2_ws/install/mouse_teleop:/home/moustafaahmed13/ros2_ws/install/key_teleop:/home/moustafaahmed13/ros2_ws/install/f1tenth_gym_ros:/home/moustafaahmed13/ros2_ws/install/Autonomous_Systems_Project_Team_17:/home/moustafaahmed13/ros2_ws/src/f1tenth_gym_ros/install/f1tenth_gym_ros:/opt/ros/jazzy DEBUGINFOD_URLS=https://debuginfod.ubuntu.com /usr/bin/cmake --build /home/moustafaahmed13/ros2_ws/build/gazebo_ackermann_steering_vehicle -- -j4 -l4
[1.488s] [ 50%] Built target joystick_controller
[1.490s] [100%] Built target vehicle_controller
[1.507s] Invoked command in '/home/moustafaahmed13/ros2_ws/build/gazebo_ackermann_steering_vehicle' returned '0': CMAKE_PREFIX_PATH=${CMAKE_PREFIX_PATH}:/home/moustafaahmed13/ros2_ws/install/mouse_teleop:/home/moustafaahmed13/ros2_ws/install/key_teleop:/home/moustafaahmed13/ros2_ws/install/f1tenth_gym_ros:/home/moustafaahmed13/ros2_ws/install/Autonomous_Systems_Project_Team_17:/home/moustafaahmed13/ros2_ws/src/f1tenth_gym_ros/install/f1tenth_gym_ros:/opt/ros/jazzy DEBUGINFOD_URLS=https://debuginfod.ubuntu.com /usr/bin/cmake --build /home/moustafaahmed13/ros2_ws/build/gazebo_ackermann_steering_vehicle -- -j4 -l4
[1.523s] Invoking command in '/home/moustafaahmed13/ros2_ws/build/gazebo_ackermann_steering_vehicle': CMAKE_PREFIX_PATH=${CMAKE_PREFIX_PATH}:/home/moustafaahmed13/ros2_ws/install/mouse_teleop:/home/moustafaahmed13/ros2_ws/install/key_teleop:/home/moustafaahmed13/ros2_ws/install/f1tenth_gym_ros:/home/moustafaahmed13/ros2_ws/install/Autonomous_Systems_Project_Team_17:/home/moustafaahmed13/ros2_ws/src/f1tenth_gym_ros/install/f1tenth_gym_ros:/opt/ros/jazzy DEBUGINFOD_URLS=https://debuginfod.ubuntu.com /usr/bin/cmake --install /home/moustafaahmed13/ros2_ws/build/gazebo_ackermann_steering_vehicle
[1.535s] -- Install configuration: ""
[1.536s] -- Execute custom install script
[1.536s] -- Up-to-date symlink: /home/moustafaahmed13/ros2_ws/install/gazebo_ackermann_steering_vehicle/share/gazebo_ackermann_steering_vehicle/launch/joystick.launch.py
[1.536s] -- Up-to-date symlink: /home/moustafaahmed13/ros2_ws/install/gazebo_ackermann_steering_vehicle/share/gazebo_ackermann_steering_vehicle/launch/vehicle.launch.py
[1.537s] -- Up-to-date symlink: /home/moustafaahmed13/ros2_ws/install/gazebo_ackermann_steering_vehicle/share/gazebo_ackermann_steering_vehicle/model/vehicle.xacro
[1.537s] -- Up-to-date symlink: /home/moustafaahmed13/ros2_ws/install/gazebo_ackermann_steering_vehicle/share/gazebo_ackermann_steering_vehicle/config/gz_ros2_control.yaml
[1.537s] -- Up-to-date symlink: /home/moustafaahmed13/ros2_ws/install/gazebo_ackermann_steering_vehicle/share/gazebo_ackermann_steering_vehicle/config/parameters.yaml
[1.537s] -- Up-to-date symlink: /home/moustafaahmed13/ros2_ws/install/gazebo_ackermann_steering_vehicle/share/gazebo_ackermann_steering_vehicle/config/ros_gz_bridge.yaml
[1.538s] -- Up-to-date symlink: /home/moustafaahmed13/ros2_ws/install/gazebo_ackermann_steering_vehicle/lib/gazebo_ackermann_steering_vehicle/vehicle_controller
[1.538s] -- Up-to-date symlink: /home/moustafaahmed13/ros2_ws/install/gazebo_ackermann_steering_vehicle/lib/gazebo_ackermann_steering_vehicle/joystick_controller
[1.538s] -- Up-to-date symlink: /home/moustafaahmed13/ros2_ws/install/gazebo_ackermann_steering_vehicle/share/ament_index/resource_index/package_run_dependencies/gazebo_ackermann_steering_vehicle
[1.539s] -- Up-to-date symlink: /home/moustafaahmed13/ros2_ws/install/gazebo_ackermann_steering_vehicle/share/ament_index/resource_index/parent_prefix_path/gazebo_ackermann_steering_vehicle
[1.539s] -- Up-to-date symlink: /home/moustafaahmed13/ros2_ws/install/gazebo_ackermann_steering_vehicle/share/gazebo_ackermann_steering_vehicle/environment/ament_prefix_path.sh
[1.539s] -- Up-to-date symlink: /home/moustafaahmed13/ros2_ws/install/gazebo_ackermann_steering_vehicle/share/gazebo_ackermann_steering_vehicle/environment/ament_prefix_path.dsv
[1.539s] -- Up-to-date symlink: /home/moustafaahmed13/ros2_ws/install/gazebo_ackermann_steering_vehicle/share/gazebo_ackermann_steering_vehicle/environment/path.sh
[1.540s] -- Up-to-date symlink: /home/moustafaahmed13/ros2_ws/install/gazebo_ackermann_steering_vehicle/share/gazebo_ackermann_steering_vehicle/environment/path.dsv
[1.540s] -- Up-to-date symlink: /home/moustafaahmed13/ros2_ws/install/gazebo_ackermann_steering_vehicle/share/gazebo_ackermann_steering_vehicle/local_setup.bash
[1.540s] -- Up-to-date symlink: /home/moustafaahmed13/ros2_ws/install/gazebo_ackermann_steering_vehicle/share/gazebo_ackermann_steering_vehicle/local_setup.sh
[1.540s] -- Up-to-date symlink: /home/moustafaahmed13/ros2_ws/install/gazebo_ackermann_steering_vehicle/share/gazebo_ackermann_steering_vehicle/local_setup.zsh
[1.540s] -- Up-to-date symlink: /home/moustafaahmed13/ros2_ws/install/gazebo_ackermann_steering_vehicle/share/gazebo_ackermann_steering_vehicle/local_setup.dsv
[1.541s] -- Symlinking: /home/moustafaahmed13/ros2_ws/install/gazebo_ackermann_steering_vehicle/share/gazebo_ackermann_steering_vehicle/package.dsv
[1.556s] -- Up-to-date symlink: /home/moustafaahmed13/ros2_ws/install/gazebo_ackermann_steering_vehicle/share/ament_index/resource_index/packages/gazebo_ackermann_steering_vehicle
[1.556s] -- Up-to-date symlink: /home/moustafaahmed13/ros2_ws/install/gazebo_ackermann_steering_vehicle/share/gazebo_ackermann_steering_vehicle/cmake/gazebo_ackermann_steering_vehicleConfig.cmake
[1.556s] -- Up-to-date symlink: /home/moustafaahmed13/ros2_ws/install/gazebo_ackermann_steering_vehicle/share/gazebo_ackermann_steering_vehicle/cmake/gazebo_ackermann_steering_vehicleConfig-version.cmake
[1.556s] -- Up-to-date symlink: /home/moustafaahmed13/ros2_ws/install/gazebo_ackermann_steering_vehicle/share/gazebo_ackermann_steering_vehicle/package.xml
[1.559s] Invoked command in '/home/moustafaahmed13/ros2_ws/build/gazebo_ackermann_steering_vehicle' returned '0': CMAKE_PREFIX_PATH=${CMAKE_PREFIX_PATH}:/home/moustafaahmed13/ros2_ws/install/mouse_teleop:/home/moustafaahmed13/ros2_ws/install/key_teleop:/home/moustafaahmed13/ros2_ws/install/f1tenth_gym_ros:/home/moustafaahmed13/ros2_ws/install/Autonomous_Systems_Project_Team_17:/home/moustafaahmed13/ros2_ws/src/f1tenth_gym_ros/install/f1tenth_gym_ros:/opt/ros/jazzy DEBUGINFOD_URLS=https://debuginfod.ubuntu.com /usr/bin/cmake --install /home/moustafaahmed13/ros2_ws/build/gazebo_ackermann_steering_vehicle
