[0.232s] DEBUG:colcon:Command line arguments: ['/usr/bin/colcon', 'build', '--symlink-install']
[0.232s] DEBUG:colcon:Parsed command line arguments: Namespace(log_base=None, log_level=None, verb_name='build', build_base='build', install_base='install', merge_install=False, symlink_install=True, test_result_base=None, continue_on_error=False, executor='parallel', parallel_workers=4, event_handlers=None, ignore_user_meta=False, metas=['./colcon.meta'], base_paths=['.'], packages_ignore=None, packages_ignore_regex=None, paths=None, packages_up_to=None, packages_up_to_regex=None, packages_above=None, packages_above_and_dependencies=None, packages_above_depth=None, packages_select_by_dep=None, packages_skip_by_dep=None, packages_skip_up_to=None, packages_select_build_failed=False, packages_skip_build_finished=False, packages_select_test_failures=False, packages_skip_test_passed=False, packages_select=None, packages_skip=None, packages_select_regex=None, packages_skip_regex=None, packages_start=None, packages_end=None, allow_overriding=[], cmake_args=None, cmake_target=None, cmake_target_skip_unavailable=False, cmake_clean_cache=False, cmake_clean_first=False, cmake_force_configure=False, ament_cmake_args=None, catkin_cmake_args=None, catkin_skip_building_tests=False, mixin_files=None, mixin=None, verb_parser=<colcon_mixin.mixin.mixin_argument.MixinArgumentDecorator object at 0x777781712510>, verb_extension=<colcon_core.verb.build.BuildVerb object at 0x777781dd1b80>, main=<bound method BuildVerb.main of <colcon_core.verb.build.BuildVerb object at 0x777781dd1b80>>, mixin_verb=('build',))
[0.288s] Level 1:colcon.colcon_core.package_discovery:discover_packages(colcon_meta) check parameters
[0.288s] Level 1:colcon.colcon_core.package_discovery:discover_packages(recursive) check parameters
[0.288s] Level 1:colcon.colcon_core.package_discovery:discover_packages(ignore) check parameters
[0.288s] Level 1:colcon.colcon_core.package_discovery:discover_packages(path) check parameters
[0.288s] Level 1:colcon.colcon_core.package_discovery:discover_packages(colcon_meta) discover
[0.289s] Level 1:colcon.colcon_core.package_discovery:discover_packages(recursive) discover
[0.289s] INFO:colcon.colcon_core.package_discovery:Crawling recursively for packages in '/home/moustafaahmed13/ros2_ws'
[0.289s] Level 1:colcon.colcon_core.package_identification:_identify(.) by extensions ['ignore', 'ignore_ament_install']
[0.289s] Level 1:colcon.colcon_core.package_identification:_identify(.) by extension 'ignore'
[0.289s] Level 1:colcon.colcon_core.package_identification:_identify(.) by extension 'ignore_ament_install'
[0.289s] Level 1:colcon.colcon_core.package_identification:_identify(.) by extensions ['colcon_pkg']
[0.289s] Level 1:colcon.colcon_core.package_identification:_identify(.) by extension 'colcon_pkg'
[0.289s] Level 1:colcon.colcon_core.package_identification:_identify(.) by extensions ['colcon_meta']
[0.289s] Level 1:colcon.colcon_core.package_identification:_identify(.) by extension 'colcon_meta'
[0.289s] Level 1:colcon.colcon_core.package_identification:_identify(.) by extensions ['ros']
[0.289s] Level 1:colcon.colcon_core.package_identification:_identify(.) by extension 'ros'
[0.321s] Level 1:colcon.colcon_core.package_identification:_identify(.) by extensions ['cmake', 'python']
[0.322s] Level 1:colcon.colcon_core.package_identification:_identify(.) by extension 'cmake'
[0.322s] Level 1:colcon.colcon_core.package_identification:_identify(.) by extension 'python'
[0.322s] Level 1:colcon.colcon_core.package_identification:_identify(.) by extensions ['python_setup_py']
[0.322s] Level 1:colcon.colcon_core.package_identification:_identify(.) by extension 'python_setup_py'
[0.322s] Level 1:colcon.colcon_core.package_identification:_identify(build) by extensions ['ignore', 'ignore_ament_install']
[0.322s] Level 1:colcon.colcon_core.package_identification:_identify(build) by extension 'ignore'
[0.322s] Level 1:colcon.colcon_core.package_identification:_identify(build) ignored
[0.322s] Level 1:colcon.colcon_core.package_identification:_identify(install) by extensions ['ignore', 'ignore_ament_install']
[0.322s] Level 1:colcon.colcon_core.package_identification:_identify(install) by extension 'ignore'
[0.322s] Level 1:colcon.colcon_core.package_identification:_identify(install) ignored
[0.323s] Level 1:colcon.colcon_core.package_identification:_identify(log) by extensions ['ignore', 'ignore_ament_install']
[0.323s] Level 1:colcon.colcon_core.package_identification:_identify(log) by extension 'ignore'
[0.323s] Level 1:colcon.colcon_core.package_identification:_identify(log) ignored
[0.323s] Level 1:colcon.colcon_core.package_identification:_identify(src) by extensions ['ignore', 'ignore_ament_install']
[0.323s] Level 1:colcon.colcon_core.package_identification:_identify(src) by extension 'ignore'
[0.323s] Level 1:colcon.colcon_core.package_identification:_identify(src) by extension 'ignore_ament_install'
[0.323s] Level 1:colcon.colcon_core.package_identification:_identify(src) by extensions ['colcon_pkg']
[0.323s] Level 1:colcon.colcon_core.package_identification:_identify(src) by extension 'colcon_pkg'
[0.323s] Level 1:colcon.colcon_core.package_identification:_identify(src) by extensions ['colcon_meta']
[0.323s] Level 1:colcon.colcon_core.package_identification:_identify(src) by extension 'colcon_meta'
[0.323s] Level 1:colcon.colcon_core.package_identification:_identify(src) by extensions ['ros']
[0.323s] Level 1:colcon.colcon_core.package_identification:_identify(src) by extension 'ros'
[0.323s] Level 1:colcon.colcon_core.package_identification:_identify(src) by extensions ['cmake', 'python']
[0.323s] Level 1:colcon.colcon_core.package_identification:_identify(src) by extension 'cmake'
[0.324s] Level 1:colcon.colcon_core.package_identification:_identify(src) by extension 'python'
[0.324s] Level 1:colcon.colcon_core.package_identification:_identify(src) by extensions ['python_setup_py']
[0.324s] Level 1:colcon.colcon_core.package_identification:_identify(src) by extension 'python_setup_py'
[0.324s] Level 1:colcon.colcon_core.package_identification:_identify(src/Autonomous_Systems_Project_Team_17) by extensions ['ignore', 'ignore_ament_install']
[0.324s] Level 1:colcon.colcon_core.package_identification:_identify(src/Autonomous_Systems_Project_Team_17) by extension 'ignore'
[0.324s] Level 1:colcon.colcon_core.package_identification:_identify(src/Autonomous_Systems_Project_Team_17) by extension 'ignore_ament_install'
[0.324s] Level 1:colcon.colcon_core.package_identification:_identify(src/Autonomous_Systems_Project_Team_17) by extensions ['colcon_pkg']
[0.324s] Level 1:colcon.colcon_core.package_identification:_identify(src/Autonomous_Systems_Project_Team_17) by extension 'colcon_pkg'
[0.324s] Level 1:colcon.colcon_core.package_identification:_identify(src/Autonomous_Systems_Project_Team_17) by extensions ['colcon_meta']
[0.324s] Level 1:colcon.colcon_core.package_identification:_identify(src/Autonomous_Systems_Project_Team_17) by extension 'colcon_meta'
[0.324s] Level 1:colcon.colcon_core.package_identification:_identify(src/Autonomous_Systems_Project_Team_17) by extensions ['ros']
[0.324s] Level 1:colcon.colcon_core.package_identification:_identify(src/Autonomous_Systems_Project_Team_17) by extension 'ros'
[0.328s] DEBUG:colcon.colcon_core.package_identification:Package 'src/Autonomous_Systems_Project_Team_17' with type 'ros.ament_python' and name 'Autonomous_Systems_Project_Team_17'
[0.328s] Level 1:colcon.colcon_core.package_identification:_identify(src/gazebo_ackermann_steering_vehicle) by extensions ['ignore', 'ignore_ament_install']
[0.328s] Level 1:colcon.colcon_core.package_identification:_identify(src/gazebo_ackermann_steering_vehicle) by extension 'ignore'
[0.328s] Level 1:colcon.colcon_core.package_identification:_identify(src/gazebo_ackermann_steering_vehicle) by extension 'ignore_ament_install'
[0.328s] Level 1:colcon.colcon_core.package_identification:_identify(src/gazebo_ackermann_steering_vehicle) by extensions ['colcon_pkg']
[0.328s] Level 1:colcon.colcon_core.package_identification:_identify(src/gazebo_ackermann_steering_vehicle) by extension 'colcon_pkg'
[0.329s] Level 1:colcon.colcon_core.package_identification:_identify(src/gazebo_ackermann_steering_vehicle) by extensions ['colcon_meta']
[0.329s] Level 1:colcon.colcon_core.package_identification:_identify(src/gazebo_ackermann_steering_vehicle) by extension 'colcon_meta'
[0.329s] Level 1:colcon.colcon_core.package_identification:_identify(src/gazebo_ackermann_steering_vehicle) by extensions ['ros']
[0.329s] Level 1:colcon.colcon_core.package_identification:_identify(src/gazebo_ackermann_steering_vehicle) by extension 'ros'
[0.330s] DEBUG:colcon.colcon_core.package_identification:Package 'src/gazebo_ackermann_steering_vehicle' with type 'ros.ament_cmake' and name 'gazebo_ackermann_steering_vehicle'
[0.330s] Level 1:colcon.colcon_core.package_discovery:discover_packages(recursive) using defaults
[0.330s] Level 1:colcon.colcon_core.package_discovery:discover_packages(ignore) discover
[0.330s] Level 1:colcon.colcon_core.package_discovery:discover_packages(ignore) using defaults
[0.330s] Level 1:colcon.colcon_core.package_discovery:discover_packages(path) discover
[0.330s] Level 1:colcon.colcon_core.package_discovery:discover_packages(path) using defaults
[0.356s] Level 1:colcon.colcon_core.package_discovery:discover_packages(prefix_path) check parameters
[0.356s] Level 1:colcon.colcon_core.package_discovery:discover_packages(prefix_path) discover
[0.359s] DEBUG:colcon.colcon_installed_package_information.package_discovery:Found 2 installed packages in /home/moustafaahmed13/ros2_ws/install
[0.362s] DEBUG:colcon.colcon_installed_package_information.package_discovery:Found 399 installed packages in /opt/ros/jazzy
[0.363s] Level 1:colcon.colcon_core.package_discovery:discover_packages(prefix_path) using defaults
[0.440s] Level 5:colcon.colcon_core.verb:set package 'Autonomous_Systems_Project_Team_17' build argument 'cmake_args' from command line to 'None'
[0.440s] Level 5:colcon.colcon_core.verb:set package 'Autonomous_Systems_Project_Team_17' build argument 'cmake_target' from command line to 'None'
[0.440s] Level 5:colcon.colcon_core.verb:set package 'Autonomous_Systems_Project_Team_17' build argument 'cmake_target_skip_unavailable' from command line to 'False'
[0.440s] Level 5:colcon.colcon_core.verb:set package 'Autonomous_Systems_Project_Team_17' build argument 'cmake_clean_cache' from command line to 'False'
[0.440s] Level 5:colcon.colcon_core.verb:set package 'Autonomous_Systems_Project_Team_17' build argument 'cmake_clean_first' from command line to 'False'
[0.440s] Level 5:colcon.colcon_core.verb:set package 'Autonomous_Systems_Project_Team_17' build argument 'cmake_force_configure' from command line to 'False'
[0.440s] Level 5:colcon.colcon_core.verb:set package 'Autonomous_Systems_Project_Team_17' build argument 'ament_cmake_args' from command line to 'None'
[0.440s] Level 5:colcon.colcon_core.verb:set package 'Autonomous_Systems_Project_Team_17' build argument 'catkin_cmake_args' from command line to 'None'
[0.440s] Level 5:colcon.colcon_core.verb:set package 'Autonomous_Systems_Project_Team_17' build argument 'catkin_skip_building_tests' from command line to 'False'
[0.440s] DEBUG:colcon.colcon_core.verb:Building package 'Autonomous_Systems_Project_Team_17' with the following arguments: {'ament_cmake_args': None, 'build_base': '/home/moustafaahmed13/ros2_ws/build/Autonomous_Systems_Project_Team_17', 'catkin_cmake_args': None, 'catkin_skip_building_tests': False, 'cmake_args': None, 'cmake_clean_cache': False, 'cmake_clean_first': False, 'cmake_force_configure': False, 'cmake_target': None, 'cmake_target_skip_unavailable': False, 'install_base': '/home/moustafaahmed13/ros2_ws/install/Autonomous_Systems_Project_Team_17', 'merge_install': False, 'path': '/home/moustafaahmed13/ros2_ws/src/Autonomous_Systems_Project_Team_17', 'symlink_install': True, 'test_result_base': None}
[0.441s] Level 5:colcon.colcon_core.verb:set package 'gazebo_ackermann_steering_vehicle' build argument 'cmake_args' from command line to 'None'
[0.441s] Level 5:colcon.colcon_core.verb:set package 'gazebo_ackermann_steering_vehicle' build argument 'cmake_target' from command line to 'None'
[0.441s] Level 5:colcon.colcon_core.verb:set package 'gazebo_ackermann_steering_vehicle' build argument 'cmake_target_skip_unavailable' from command line to 'False'
[0.441s] Level 5:colcon.colcon_core.verb:set package 'gazebo_ackermann_steering_vehicle' build argument 'cmake_clean_cache' from command line to 'False'
[0.441s] Level 5:colcon.colcon_core.verb:set package 'gazebo_ackermann_steering_vehicle' build argument 'cmake_clean_first' from command line to 'False'
[0.441s] Level 5:colcon.colcon_core.verb:set package 'gazebo_ackermann_steering_vehicle' build argument 'cmake_force_configure' from command line to 'False'
[0.441s] Level 5:colcon.colcon_core.verb:set package 'gazebo_ackermann_steering_vehicle' build argument 'ament_cmake_args' from command line to 'None'
[0.441s] Level 5:colcon.colcon_core.verb:set package 'gazebo_ackermann_steering_vehicle' build argument 'catkin_cmake_args' from command line to 'None'
[0.441s] Level 5:colcon.colcon_core.verb:set package 'gazebo_ackermann_steering_vehicle' build argument 'catkin_skip_building_tests' from command line to 'False'
[0.441s] DEBUG:colcon.colcon_core.verb:Building package 'gazebo_ackermann_steering_vehicle' with the following arguments: {'ament_cmake_args': None, 'build_base': '/home/moustafaahmed13/ros2_ws/build/gazebo_ackermann_steering_vehicle', 'catkin_cmake_args': None, 'catkin_skip_building_tests': False, 'cmake_args': None, 'cmake_clean_cache': False, 'cmake_clean_first': False, 'cmake_force_configure': False, 'cmake_target': None, 'cmake_target_skip_unavailable': False, 'install_base': '/home/moustafaahmed13/ros2_ws/install/gazebo_ackermann_steering_vehicle', 'merge_install': False, 'path': '/home/moustafaahmed13/ros2_ws/src/gazebo_ackermann_steering_vehicle', 'symlink_install': True, 'test_result_base': None}
[0.441s] INFO:colcon.colcon_core.executor:Executing jobs using 'parallel' executor
[0.442s] DEBUG:colcon.colcon_parallel_executor.executor.parallel:run_until_complete
[0.442s] INFO:colcon.colcon_ros.task.ament_python.build:Building ROS package in '/home/moustafaahmed13/ros2_ws/src/Autonomous_Systems_Project_Team_17' with build type 'ament_python'
[0.442s] Level 1:colcon.colcon_core.shell:create_environment_hook('Autonomous_Systems_Project_Team_17', 'ament_prefix_path')
[0.447s] INFO:colcon.colcon_core.plugin_system:Skipping extension 'colcon_core.shell.bat': Not used on non-Windows systems
[0.447s] INFO:colcon.colcon_core.shell:Creating environment hook '/home/moustafaahmed13/ros2_ws/install/Autonomous_Systems_Project_Team_17/share/Autonomous_Systems_Project_Team_17/hook/ament_prefix_path.ps1'
[0.448s] INFO:colcon.colcon_core.shell:Creating environment descriptor '/home/moustafaahmed13/ros2_ws/install/Autonomous_Systems_Project_Team_17/share/Autonomous_Systems_Project_Team_17/hook/ament_prefix_path.dsv'
[0.448s] INFO:colcon.colcon_core.shell:Creating environment hook '/home/moustafaahmed13/ros2_ws/install/Autonomous_Systems_Project_Team_17/share/Autonomous_Systems_Project_Team_17/hook/ament_prefix_path.sh'
[0.449s] INFO:colcon.colcon_core.shell:Skip shell extension 'powershell' for command environment: Not usable outside of PowerShell
[0.449s] DEBUG:colcon.colcon_core.shell:Skip shell extension 'dsv' for command environment
[0.456s] INFO:colcon.colcon_ros.task.ament_cmake.build:Building ROS package in '/home/moustafaahmed13/ros2_ws/src/gazebo_ackermann_steering_vehicle' with build type 'ament_cmake'
[0.456s] INFO:colcon.colcon_cmake.task.cmake.build:Building CMake package in '/home/moustafaahmed13/ros2_ws/src/gazebo_ackermann_steering_vehicle'
[0.456s] INFO:colcon.colcon_core.shell:Skip shell extension 'powershell' for command environment: Not usable outside of PowerShell
[0.456s] DEBUG:colcon.colcon_core.shell:Skip shell extension 'dsv' for command environment
[0.823s] INFO:colcon.colcon_core.task.python.build:Building Python package in '/home/moustafaahmed13/ros2_ws/src/Autonomous_Systems_Project_Team_17'
[0.823s] INFO:colcon.colcon_core.shell:Skip shell extension 'powershell' for command environment: Not usable outside of PowerShell
[0.823s] DEBUG:colcon.colcon_core.shell:Skip shell extension 'dsv' for command environment
[0.832s] DEBUG:colcon.colcon_core.event_handler.log_command:Invoking command in '/home/moustafaahmed13/ros2_ws/build/gazebo_ackermann_steering_vehicle': CMAKE_PREFIX_PATH=${CMAKE_PREFIX_PATH}:/home/moustafaahmed13/ros2_ws/install/Autonomous_Systems_Project_Team_17:/opt/ros/jazzy DEBUGINFOD_URLS=https://debuginfod.ubuntu.com /usr/bin/cmake /home/moustafaahmed13/ros2_ws/src/gazebo_ackermann_steering_vehicle -DAMENT_CMAKE_SYMLINK_INSTALL=1 -DCMAKE_INSTALL_PREFIX=/home/moustafaahmed13/ros2_ws/install/gazebo_ackermann_steering_vehicle
[1.959s] DEBUG:colcon.colcon_core.event_handler.log_command:Invoked command in '/home/moustafaahmed13/ros2_ws/build/gazebo_ackermann_steering_vehicle' returned '0': CMAKE_PREFIX_PATH=${CMAKE_PREFIX_PATH}:/home/moustafaahmed13/ros2_ws/install/Autonomous_Systems_Project_Team_17:/opt/ros/jazzy DEBUGINFOD_URLS=https://debuginfod.ubuntu.com /usr/bin/cmake /home/moustafaahmed13/ros2_ws/src/gazebo_ackermann_steering_vehicle -DAMENT_CMAKE_SYMLINK_INSTALL=1 -DCMAKE_INSTALL_PREFIX=/home/moustafaahmed13/ros2_ws/install/gazebo_ackermann_steering_vehicle
[1.960s] DEBUG:colcon.colcon_core.event_handler.log_command:Invoking command in '/home/moustafaahmed13/ros2_ws/build/gazebo_ackermann_steering_vehicle': CMAKE_PREFIX_PATH=${CMAKE_PREFIX_PATH}:/home/moustafaahmed13/ros2_ws/install/Autonomous_Systems_Project_Team_17:/opt/ros/jazzy DEBUGINFOD_URLS=https://debuginfod.ubuntu.com /usr/bin/cmake --build /home/moustafaahmed13/ros2_ws/build/gazebo_ackermann_steering_vehicle -- -j4 -l4
[2.026s] DEBUG:colcon.colcon_core.task.python.build:While undoing a previous installation files outside the Python library path are being ignored: /home/moustafaahmed13/ros2_ws/install/Autonomous_Systems_Project_Team_17/share/ament_index/resource_index/packages/Autonomous_Systems_Project_Team_17
[2.026s] DEBUG:colcon.colcon_core.task.python.build:While undoing a previous installation files outside the Python library path are being ignored: /home/moustafaahmed13/ros2_ws/install/Autonomous_Systems_Project_Team_17/share/Autonomous_Systems_Project_Team_17/package.xml
[2.027s] DEBUG:colcon.colcon_core.task.python.build:While undoing a previous installation files outside the Python library path are being ignored: /home/moustafaahmed13/ros2_ws/install/Autonomous_Systems_Project_Team_17/lib/Autonomous_Systems_Project_Team_17/Validation_printing_node
[2.031s] DEBUG:colcon.colcon_core.event_handler.log_command:Invoking command in '/home/moustafaahmed13/ros2_ws/build/Autonomous_Systems_Project_Team_17': DEBUGINFOD_URLS=https://debuginfod.ubuntu.com PYTHONPATH=/home/moustafaahmed13/ros2_ws/build/Autonomous_Systems_Project_Team_17/prefix_override:/usr/lib/python3/dist-packages/colcon_core/task/python/colcon_distutils_commands:/home/moustafaahmed13/ros2_ws/install/Autonomous_Systems_Project_Team_17/lib/python3.12/site-packages:${PYTHONPATH} /usr/bin/python3 -W ignore:setup.py install is deprecated -W ignore:easy_install command is deprecated setup.py develop --editable --build-directory /home/moustafaahmed13/ros2_ws/build/Autonomous_Systems_Project_Team_17/build --no-deps symlink_data --force
[2.078s] DEBUG:colcon.colcon_core.event_handler.log_command:Invoked command in '/home/moustafaahmed13/ros2_ws/build/gazebo_ackermann_steering_vehicle' returned '0': CMAKE_PREFIX_PATH=${CMAKE_PREFIX_PATH}:/home/moustafaahmed13/ros2_ws/install/Autonomous_Systems_Project_Team_17:/opt/ros/jazzy DEBUGINFOD_URLS=https://debuginfod.ubuntu.com /usr/bin/cmake --build /home/moustafaahmed13/ros2_ws/build/gazebo_ackermann_steering_vehicle -- -j4 -l4
[2.093s] DEBUG:colcon.colcon_core.event_handler.log_command:Invoking command in '/home/moustafaahmed13/ros2_ws/build/gazebo_ackermann_steering_vehicle': CMAKE_PREFIX_PATH=${CMAKE_PREFIX_PATH}:/home/moustafaahmed13/ros2_ws/install/Autonomous_Systems_Project_Team_17:/opt/ros/jazzy DEBUGINFOD_URLS=https://debuginfod.ubuntu.com /usr/bin/cmake --install /home/moustafaahmed13/ros2_ws/build/gazebo_ackermann_steering_vehicle
[2.129s] Level 1:colcon.colcon_core.environment:create_environment_scripts_only(gazebo_ackermann_steering_vehicle)
[2.129s] DEBUG:colcon.colcon_core.event_handler.log_command:Invoked command in '/home/moustafaahmed13/ros2_ws/build/gazebo_ackermann_steering_vehicle' returned '0': CMAKE_PREFIX_PATH=${CMAKE_PREFIX_PATH}:/home/moustafaahmed13/ros2_ws/install/Autonomous_Systems_Project_Team_17:/opt/ros/jazzy DEBUGINFOD_URLS=https://debuginfod.ubuntu.com /usr/bin/cmake --install /home/moustafaahmed13/ros2_ws/build/gazebo_ackermann_steering_vehicle
[2.134s] Level 1:colcon.colcon_core.environment:checking '/home/moustafaahmed13/ros2_ws/install/gazebo_ackermann_steering_vehicle' for CMake module files
[2.135s] Level 1:colcon.colcon_core.environment:checking '/home/moustafaahmed13/ros2_ws/install/gazebo_ackermann_steering_vehicle' for CMake config files
[2.135s] Level 1:colcon.colcon_core.shell:create_environment_hook('gazebo_ackermann_steering_vehicle', 'cmake_prefix_path')
[2.136s] INFO:colcon.colcon_core.shell:Creating environment hook '/home/moustafaahmed13/ros2_ws/install/gazebo_ackermann_steering_vehicle/share/gazebo_ackermann_steering_vehicle/hook/cmake_prefix_path.ps1'
[2.136s] INFO:colcon.colcon_core.shell:Creating environment descriptor '/home/moustafaahmed13/ros2_ws/install/gazebo_ackermann_steering_vehicle/share/gazebo_ackermann_steering_vehicle/hook/cmake_prefix_path.dsv'
[2.137s] INFO:colcon.colcon_core.shell:Creating environment hook '/home/moustafaahmed13/ros2_ws/install/gazebo_ackermann_steering_vehicle/share/gazebo_ackermann_steering_vehicle/hook/cmake_prefix_path.sh'
[2.138s] Level 1:colcon.colcon_core.environment:checking '/home/moustafaahmed13/ros2_ws/install/gazebo_ackermann_steering_vehicle/lib'
[2.138s] Level 1:colcon.colcon_core.environment:checking '/home/moustafaahmed13/ros2_ws/install/gazebo_ackermann_steering_vehicle/bin'
[2.138s] Level 1:colcon.colcon_core.environment:checking '/home/moustafaahmed13/ros2_ws/install/gazebo_ackermann_steering_vehicle/lib/pkgconfig/gazebo_ackermann_steering_vehicle.pc'
[2.138s] Level 1:colcon.colcon_core.environment:checking '/home/moustafaahmed13/ros2_ws/install/gazebo_ackermann_steering_vehicle/lib/python3.12/site-packages'
[2.139s] Level 1:colcon.colcon_core.environment:checking '/home/moustafaahmed13/ros2_ws/install/gazebo_ackermann_steering_vehicle/bin'
[2.139s] INFO:colcon.colcon_core.shell:Creating package script '/home/moustafaahmed13/ros2_ws/install/gazebo_ackermann_steering_vehicle/share/gazebo_ackermann_steering_vehicle/package.ps1'
[2.140s] INFO:colcon.colcon_core.shell:Creating package descriptor '/home/moustafaahmed13/ros2_ws/install/gazebo_ackermann_steering_vehicle/share/gazebo_ackermann_steering_vehicle/package.dsv'
[2.140s] INFO:colcon.colcon_core.shell:Creating package script '/home/moustafaahmed13/ros2_ws/install/gazebo_ackermann_steering_vehicle/share/gazebo_ackermann_steering_vehicle/package.sh'
[2.141s] INFO:colcon.colcon_core.shell:Creating package script '/home/moustafaahmed13/ros2_ws/install/gazebo_ackermann_steering_vehicle/share/gazebo_ackermann_steering_vehicle/package.bash'
[2.142s] INFO:colcon.colcon_core.shell:Creating package script '/home/moustafaahmed13/ros2_ws/install/gazebo_ackermann_steering_vehicle/share/gazebo_ackermann_steering_vehicle/package.zsh'
[2.143s] Level 1:colcon.colcon_core.environment:create_file_with_runtime_dependencies(/home/moustafaahmed13/ros2_ws/install/gazebo_ackermann_steering_vehicle/share/colcon-core/packages/gazebo_ackermann_steering_vehicle)
[2.143s] Level 1:colcon.colcon_core.environment:create_environment_scripts_only(gazebo_ackermann_steering_vehicle)
[2.143s] Level 1:colcon.colcon_core.environment:checking '/home/moustafaahmed13/ros2_ws/install/gazebo_ackermann_steering_vehicle' for CMake module files
[2.144s] Level 1:colcon.colcon_core.environment:checking '/home/moustafaahmed13/ros2_ws/install/gazebo_ackermann_steering_vehicle' for CMake config files
[2.145s] Level 1:colcon.colcon_core.shell:create_environment_hook('gazebo_ackermann_steering_vehicle', 'cmake_prefix_path')
[2.145s] INFO:colcon.colcon_core.shell:Creating environment hook '/home/moustafaahmed13/ros2_ws/install/gazebo_ackermann_steering_vehicle/share/gazebo_ackermann_steering_vehicle/hook/cmake_prefix_path.ps1'
[2.146s] INFO:colcon.colcon_core.shell:Creating environment descriptor '/home/moustafaahmed13/ros2_ws/install/gazebo_ackermann_steering_vehicle/share/gazebo_ackermann_steering_vehicle/hook/cmake_prefix_path.dsv'
[2.146s] INFO:colcon.colcon_core.shell:Creating environment hook '/home/moustafaahmed13/ros2_ws/install/gazebo_ackermann_steering_vehicle/share/gazebo_ackermann_steering_vehicle/hook/cmake_prefix_path.sh'
[2.147s] Level 1:colcon.colcon_core.environment:checking '/home/moustafaahmed13/ros2_ws/install/gazebo_ackermann_steering_vehicle/lib'
[2.147s] Level 1:colcon.colcon_core.environment:checking '/home/moustafaahmed13/ros2_ws/install/gazebo_ackermann_steering_vehicle/bin'
[2.147s] Level 1:colcon.colcon_core.environment:checking '/home/moustafaahmed13/ros2_ws/install/gazebo_ackermann_steering_vehicle/lib/pkgconfig/gazebo_ackermann_steering_vehicle.pc'
[2.147s] Level 1:colcon.colcon_core.environment:checking '/home/moustafaahmed13/ros2_ws/install/gazebo_ackermann_steering_vehicle/lib/python3.12/site-packages'
[2.148s] Level 1:colcon.colcon_core.environment:checking '/home/moustafaahmed13/ros2_ws/install/gazebo_ackermann_steering_vehicle/bin'
[2.148s] INFO:colcon.colcon_core.shell:Creating package script '/home/moustafaahmed13/ros2_ws/install/gazebo_ackermann_steering_vehicle/share/gazebo_ackermann_steering_vehicle/package.ps1'
[2.149s] INFO:colcon.colcon_core.shell:Creating package descriptor '/home/moustafaahmed13/ros2_ws/install/gazebo_ackermann_steering_vehicle/share/gazebo_ackermann_steering_vehicle/package.dsv'
[2.149s] INFO:colcon.colcon_core.shell:Creating package script '/home/moustafaahmed13/ros2_ws/install/gazebo_ackermann_steering_vehicle/share/gazebo_ackermann_steering_vehicle/package.sh'
[2.150s] INFO:colcon.colcon_core.shell:Creating package script '/home/moustafaahmed13/ros2_ws/install/gazebo_ackermann_steering_vehicle/share/gazebo_ackermann_steering_vehicle/package.bash'
[2.150s] INFO:colcon.colcon_core.shell:Creating package script '/home/moustafaahmed13/ros2_ws/install/gazebo_ackermann_steering_vehicle/share/gazebo_ackermann_steering_vehicle/package.zsh'
[2.151s] Level 1:colcon.colcon_core.environment:create_file_with_runtime_dependencies(/home/moustafaahmed13/ros2_ws/install/gazebo_ackermann_steering_vehicle/share/colcon-core/packages/gazebo_ackermann_steering_vehicle)
[3.284s] Level 1:colcon.colcon_core.shell:create_environment_hook('Autonomous_Systems_Project_Team_17', 'pythonpath_develop')
[3.285s] INFO:colcon.colcon_core.shell:Creating environment hook '/home/moustafaahmed13/ros2_ws/build/Autonomous_Systems_Project_Team_17/share/Autonomous_Systems_Project_Team_17/hook/pythonpath_develop.ps1'
[3.285s] DEBUG:colcon.colcon_core.event_handler.log_command:Invoked command in '/home/moustafaahmed13/ros2_ws/build/Autonomous_Systems_Project_Team_17' returned '0': DEBUGINFOD_URLS=https://debuginfod.ubuntu.com PYTHONPATH=/home/moustafaahmed13/ros2_ws/build/Autonomous_Systems_Project_Team_17/prefix_override:/usr/lib/python3/dist-packages/colcon_core/task/python/colcon_distutils_commands:/home/moustafaahmed13/ros2_ws/install/Autonomous_Systems_Project_Team_17/lib/python3.12/site-packages:${PYTHONPATH} /usr/bin/python3 -W ignore:setup.py install is deprecated -W ignore:easy_install command is deprecated setup.py develop --editable --build-directory /home/moustafaahmed13/ros2_ws/build/Autonomous_Systems_Project_Team_17/build --no-deps symlink_data --force
[3.286s] INFO:colcon.colcon_core.shell:Creating environment descriptor '/home/moustafaahmed13/ros2_ws/build/Autonomous_Systems_Project_Team_17/share/Autonomous_Systems_Project_Team_17/hook/pythonpath_develop.dsv'
[3.286s] INFO:colcon.colcon_core.shell:Creating environment hook '/home/moustafaahmed13/ros2_ws/build/Autonomous_Systems_Project_Team_17/share/Autonomous_Systems_Project_Team_17/hook/pythonpath_develop.sh'
[3.287s] Level 1:colcon.colcon_core.environment:checking '/home/moustafaahmed13/ros2_ws/install/Autonomous_Systems_Project_Team_17' for CMake module files
[3.287s] Level 1:colcon.colcon_core.environment:checking '/home/moustafaahmed13/ros2_ws/install/Autonomous_Systems_Project_Team_17' for CMake config files
[3.288s] Level 1:colcon.colcon_core.environment:checking '/home/moustafaahmed13/ros2_ws/install/Autonomous_Systems_Project_Team_17/lib'
[3.288s] Level 1:colcon.colcon_core.environment:checking '/home/moustafaahmed13/ros2_ws/install/Autonomous_Systems_Project_Team_17/bin'
[3.288s] Level 1:colcon.colcon_core.environment:checking '/home/moustafaahmed13/ros2_ws/install/Autonomous_Systems_Project_Team_17/lib/pkgconfig/Autonomous_Systems_Project_Team_17.pc'
[3.289s] Level 1:colcon.colcon_core.environment:checking '/home/moustafaahmed13/ros2_ws/install/Autonomous_Systems_Project_Team_17/lib/python3.12/site-packages'
[3.289s] Level 1:colcon.colcon_core.shell:create_environment_hook('Autonomous_Systems_Project_Team_17', 'pythonpath')
[3.289s] INFO:colcon.colcon_core.shell:Creating environment hook '/home/moustafaahmed13/ros2_ws/install/Autonomous_Systems_Project_Team_17/share/Autonomous_Systems_Project_Team_17/hook/pythonpath.ps1'
[3.289s] INFO:colcon.colcon_core.shell:Creating environment descriptor '/home/moustafaahmed13/ros2_ws/install/Autonomous_Systems_Project_Team_17/share/Autonomous_Systems_Project_Team_17/hook/pythonpath.dsv'
[3.290s] INFO:colcon.colcon_core.shell:Creating environment hook '/home/moustafaahmed13/ros2_ws/install/Autonomous_Systems_Project_Team_17/share/Autonomous_Systems_Project_Team_17/hook/pythonpath.sh'
[3.291s] Level 1:colcon.colcon_core.environment:checking '/home/moustafaahmed13/ros2_ws/install/Autonomous_Systems_Project_Team_17/bin'
[3.291s] Level 1:colcon.colcon_core.environment:create_environment_scripts_only(Autonomous_Systems_Project_Team_17)
[3.291s] INFO:colcon.colcon_core.shell:Creating package script '/home/moustafaahmed13/ros2_ws/install/Autonomous_Systems_Project_Team_17/share/Autonomous_Systems_Project_Team_17/package.ps1'
[3.292s] INFO:colcon.colcon_core.shell:Creating package descriptor '/home/moustafaahmed13/ros2_ws/install/Autonomous_Systems_Project_Team_17/share/Autonomous_Systems_Project_Team_17/package.dsv'
[3.293s] INFO:colcon.colcon_core.shell:Creating package script '/home/moustafaahmed13/ros2_ws/install/Autonomous_Systems_Project_Team_17/share/Autonomous_Systems_Project_Team_17/package.sh'
[3.294s] INFO:colcon.colcon_core.shell:Creating package script '/home/moustafaahmed13/ros2_ws/install/Autonomous_Systems_Project_Team_17/share/Autonomous_Systems_Project_Team_17/package.bash'
[3.294s] INFO:colcon.colcon_core.shell:Creating package script '/home/moustafaahmed13/ros2_ws/install/Autonomous_Systems_Project_Team_17/share/Autonomous_Systems_Project_Team_17/package.zsh'
[3.294s] Level 1:colcon.colcon_core.environment:create_file_with_runtime_dependencies(/home/moustafaahmed13/ros2_ws/install/Autonomous_Systems_Project_Team_17/share/colcon-core/packages/Autonomous_Systems_Project_Team_17)
[3.295s] DEBUG:colcon.colcon_parallel_executor.executor.parallel:closing loop
[3.295s] DEBUG:colcon.colcon_parallel_executor.executor.parallel:loop closed
[3.295s] DEBUG:colcon.colcon_parallel_executor.executor.parallel:run_until_complete finished with '0'
[3.295s] DEBUG:colcon.colcon_core.event_reactor:joining thread
[3.305s] INFO:colcon.colcon_core.plugin_system:Skipping extension 'colcon_notification.desktop_notification.terminal_notifier': Not used on non-Darwin systems
[3.306s] INFO:colcon.colcon_core.plugin_system:Skipping extension 'colcon_notification.desktop_notification.win32': Not used on non-Windows systems
[3.306s] INFO:colcon.colcon_notification.desktop_notification:Sending desktop notification using 'notify2'
[3.321s] DEBUG:colcon.colcon_core.event_reactor:joined thread
[3.321s] INFO:colcon.colcon_core.shell:Creating prefix script '/home/moustafaahmed13/ros2_ws/install/local_setup.ps1'
[3.322s] INFO:colcon.colcon_core.shell:Creating prefix util module '/home/moustafaahmed13/ros2_ws/install/_local_setup_util_ps1.py'
[3.324s] INFO:colcon.colcon_core.shell:Creating prefix chain script '/home/moustafaahmed13/ros2_ws/install/setup.ps1'
[3.326s] INFO:colcon.colcon_core.shell:Creating prefix script '/home/moustafaahmed13/ros2_ws/install/local_setup.sh'
[3.326s] INFO:colcon.colcon_core.shell:Creating prefix util module '/home/moustafaahmed13/ros2_ws/install/_local_setup_util_sh.py'
[3.327s] INFO:colcon.colcon_core.shell:Creating prefix chain script '/home/moustafaahmed13/ros2_ws/install/setup.sh'
[3.328s] INFO:colcon.colcon_core.shell:Creating prefix script '/home/moustafaahmed13/ros2_ws/install/local_setup.bash'
[3.329s] INFO:colcon.colcon_core.shell:Creating prefix chain script '/home/moustafaahmed13/ros2_ws/install/setup.bash'
[3.330s] INFO:colcon.colcon_core.shell:Creating prefix script '/home/moustafaahmed13/ros2_ws/install/local_setup.zsh'
[3.331s] INFO:colcon.colcon_core.shell:Creating prefix chain script '/home/moustafaahmed13/ros2_ws/install/setup.zsh'
