[0.366s] Invoking command in '/home/moustafaahmed13/ros2_ws/build/gazebo_ackermann_steering_vehicle': CMAKE_PREFIX_PATH=${CMAKE_PREFIX_PATH}:/home/moustafaahmed13/ros2_ws/install/mouse_teleop:/home/moustafaahmed13/ros2_ws/install/key_teleop:/home/moustafaahmed13/ros2_ws/install/f1tenth_gym_ros:/home/moustafaahmed13/ros2_ws/install/Autonomous_Systems_Project_Team_17:/home/moustafaahmed13/ros2_ws/src/f1tenth_gym_ros/install/f1tenth_gym_ros:/opt/ros/jazzy DEBUGINFOD_URLS=https://debuginfod.ubuntu.com /usr/bin/cmake /home/moustafaahmed13/ros2_ws/src/gazebo_ackermann_steering_vehicle -DAMENT_CMAKE_SYMLINK_INSTALL=1 -DCMAKE_INSTALL_PREFIX=/home/moustafaahmed13/ros2_ws/install/gazebo_ackermann_steering_vehicle
[0.449s] -- The C compiler identification is GNU 13.3.0
[0.533s] -- The CXX compiler identification is GNU 13.3.0
[0.556s] -- Detecting C compiler ABI info
[0.686s] -- Detecting C compiler ABI info - done
[0.700s] -- Check for working C compiler: /usr/bin/cc - skipped
[0.700s] -- Detecting C compile features
[0.701s] -- Detecting C compile features - done
[0.714s] -- Detecting CXX compiler ABI info
[0.861s] -- Detecting CXX compiler ABI info - done
[0.875s] -- Check for working CXX compiler: /usr/bin/c++ - skipped
[0.875s] -- Detecting CXX compile features
[0.876s] -- Detecting CXX compile features - done
[0.883s] -- Found ament_cmake: 2.5.5 (/opt/ros/jazzy/share/ament_cmake/cmake)
[1.132s] -- Found Python3: /usr/bin/python3 (found version "3.12.3") found components: Interpreter 
[1.237s] -- Override CMake install command with custom implementation using symlinks instead of copying resources
[1.326s] -- Found rclcpp: 28.1.16 (/opt/ros/jazzy/share/rclcpp/cmake)
[1.419s] -- Found rosidl_generator_c: 4.6.7 (/opt/ros/jazzy/share/rosidl_generator_c/cmake)
[1.451s] -- Found rosidl_generator_cpp: 4.6.7 (/opt/ros/jazzy/share/rosidl_generator_cpp/cmake)
[1.485s] -- Using all available rosidl_typesupport_c: rosidl_typesupport_fastrtps_c;rosidl_typesupport_introspection_c
[1.523s] -- Using all available rosidl_typesupport_cpp: rosidl_typesupport_fastrtps_cpp;rosidl_typesupport_introspection_cpp
[1.672s] -- Found rmw_implementation_cmake: 7.3.3 (/opt/ros/jazzy/share/rmw_implementation_cmake/cmake)
[1.680s] -- Found rmw_fastrtps_cpp: 8.4.3 (/opt/ros/jazzy/share/rmw_fastrtps_cpp/cmake)
[1.826s] -- Found OpenSSL: /usr/lib/x86_64-linux-gnu/libcrypto.so (found version "3.0.13")  
[1.860s] -- Found FastRTPS: /opt/ros/jazzy/include (Required is at least version "2.13") 
[1.898s] -- Using RMW implementation 'rmw_fastrtps_cpp' as default
[2.035s] -- Found std_msgs: 5.3.6 (/opt/ros/jazzy/share/std_msgs/cmake)
[2.061s] -- Found sensor_msgs: 5.3.6 (/opt/ros/jazzy/share/sensor_msgs/cmake)
[2.135s] -- Found ament_lint_auto: 0.17.4 (/opt/ros/jazzy/share/ament_lint_auto/cmake)
[2.312s] -- Added test 'cppcheck' to perform static code analysis on C / C++ code
[2.312s] -- Configured cppcheck include dirs: /home/moustafaahmed13/ros2_ws/src/gazebo_ackermann_steering_vehicle/include
[2.313s] -- Configured cppcheck exclude dirs and/or files: 
[2.315s] -- Added test 'flake8' to check Python code syntax and style conventions
[2.315s] -- Configured 'flake8' exclude dirs and/or files: 
[2.317s] -- Added test 'lint_cmake' to check CMake code style
[2.319s] -- Added test 'pep257' to check Python code against some of the docstring style conventions in PEP 257
[2.326s] -- Added test 'uncrustify' to check C / C++ code style
[2.326s] -- Configured uncrustify additional arguments: 
[2.328s] -- Added test 'xmllint' to check XML markup files
[2.332s] -- Configuring done (2.0s)
[2.353s] -- Generating done (0.0s)
[2.359s] -- Build files have been written to: /home/moustafaahmed13/ros2_ws/build/gazebo_ackermann_steering_vehicle
[2.373s] Invoked command in '/home/moustafaahmed13/ros2_ws/build/gazebo_ackermann_steering_vehicle' returned '0': CMAKE_PREFIX_PATH=${CMAKE_PREFIX_PATH}:/home/moustafaahmed13/ros2_ws/install/mouse_teleop:/home/moustafaahmed13/ros2_ws/install/key_teleop:/home/moustafaahmed13/ros2_ws/install/f1tenth_gym_ros:/home/moustafaahmed13/ros2_ws/install/Autonomous_Systems_Project_Team_17:/home/moustafaahmed13/ros2_ws/src/f1tenth_gym_ros/install/f1tenth_gym_ros:/opt/ros/jazzy DEBUGINFOD_URLS=https://debuginfod.ubuntu.com /usr/bin/cmake /home/moustafaahmed13/ros2_ws/src/gazebo_ackermann_steering_vehicle -DAMENT_CMAKE_SYMLINK_INSTALL=1 -DCMAKE_INSTALL_PREFIX=/home/moustafaahmed13/ros2_ws/install/gazebo_ackermann_steering_vehicle
[2.374s] Invoking command in '/home/moustafaahmed13/ros2_ws/build/gazebo_ackermann_steering_vehicle': CMAKE_PREFIX_PATH=${CMAKE_PREFIX_PATH}:/home/moustafaahmed13/ros2_ws/install/mouse_teleop:/home/moustafaahmed13/ros2_ws/install/key_teleop:/home/moustafaahmed13/ros2_ws/install/f1tenth_gym_ros:/home/moustafaahmed13/ros2_ws/install/Autonomous_Systems_Project_Team_17:/home/moustafaahmed13/ros2_ws/src/f1tenth_gym_ros/install/f1tenth_gym_ros:/opt/ros/jazzy DEBUGINFOD_URLS=https://debuginfod.ubuntu.com /usr/bin/cmake --build /home/moustafaahmed13/ros2_ws/build/gazebo_ackermann_steering_vehicle -- -j4 -l4
[2.458s] [ 50%] [32mBuilding CXX object CMakeFiles/joystick_controller.dir/src/joystick_controller.cpp.o[0m
[2.458s] [ 50%] [32mBuilding CXX object CMakeFiles/vehicle_controller.dir/src/vehicle_controller.cpp.o[0m
[13.992s] [ 75%] [32m[1mLinking CXX executable vehicle_controller[0m
[14.051s] [100%] [32m[1mLinking CXX executable joystick_controller[0m
[14.494s] [100%] Built target vehicle_controller
[14.574s] [100%] Built target joystick_controller
[14.592s] Invoked command in '/home/moustafaahmed13/ros2_ws/build/gazebo_ackermann_steering_vehicle' returned '0': CMAKE_PREFIX_PATH=${CMAKE_PREFIX_PATH}:/home/moustafaahmed13/ros2_ws/install/mouse_teleop:/home/moustafaahmed13/ros2_ws/install/key_teleop:/home/moustafaahmed13/ros2_ws/install/f1tenth_gym_ros:/home/moustafaahmed13/ros2_ws/install/Autonomous_Systems_Project_Team_17:/home/moustafaahmed13/ros2_ws/src/f1tenth_gym_ros/install/f1tenth_gym_ros:/opt/ros/jazzy DEBUGINFOD_URLS=https://debuginfod.ubuntu.com /usr/bin/cmake --build /home/moustafaahmed13/ros2_ws/build/gazebo_ackermann_steering_vehicle -- -j4 -l4
[14.607s] Invoking command in '/home/moustafaahmed13/ros2_ws/build/gazebo_ackermann_steering_vehicle': CMAKE_PREFIX_PATH=${CMAKE_PREFIX_PATH}:/home/moustafaahmed13/ros2_ws/install/mouse_teleop:/home/moustafaahmed13/ros2_ws/install/key_teleop:/home/moustafaahmed13/ros2_ws/install/f1tenth_gym_ros:/home/moustafaahmed13/ros2_ws/install/Autonomous_Systems_Project_Team_17:/home/moustafaahmed13/ros2_ws/src/f1tenth_gym_ros/install/f1tenth_gym_ros:/opt/ros/jazzy DEBUGINFOD_URLS=https://debuginfod.ubuntu.com /usr/bin/cmake --install /home/moustafaahmed13/ros2_ws/build/gazebo_ackermann_steering_vehicle
[14.620s] -- Install configuration: ""
[14.621s] -- Execute custom install script
[14.622s] -- Symlinking: /home/moustafaahmed13/ros2_ws/install/gazebo_ackermann_steering_vehicle/share/gazebo_ackermann_steering_vehicle/launch/joystick.launch.py
[14.636s] -- Symlinking: /home/moustafaahmed13/ros2_ws/install/gazebo_ackermann_steering_vehicle/share/gazebo_ackermann_steering_vehicle/launch/vehicle.launch.py
[14.650s] -- Symlinking: /home/moustafaahmed13/ros2_ws/install/gazebo_ackermann_steering_vehicle/share/gazebo_ackermann_steering_vehicle/model/vehicle.xacro
[14.664s] -- Symlinking: /home/moustafaahmed13/ros2_ws/install/gazebo_ackermann_steering_vehicle/share/gazebo_ackermann_steering_vehicle/config/gz_ros2_control.yaml
[14.679s] -- Symlinking: /home/moustafaahmed13/ros2_ws/install/gazebo_ackermann_steering_vehicle/share/gazebo_ackermann_steering_vehicle/config/parameters.yaml
[14.693s] -- Symlinking: /home/moustafaahmed13/ros2_ws/install/gazebo_ackermann_steering_vehicle/share/gazebo_ackermann_steering_vehicle/config/ros_gz_bridge.yaml
[14.707s] -- Symlinking: /home/moustafaahmed13/ros2_ws/install/gazebo_ackermann_steering_vehicle/lib/gazebo_ackermann_steering_vehicle/vehicle_controller
[14.721s] -- Symlinking: /home/moustafaahmed13/ros2_ws/install/gazebo_ackermann_steering_vehicle/lib/gazebo_ackermann_steering_vehicle/joystick_controller
[14.735s] -- Symlinking: /home/moustafaahmed13/ros2_ws/install/gazebo_ackermann_steering_vehicle/share/ament_index/resource_index/package_run_dependencies/gazebo_ackermann_steering_vehicle
[14.749s] -- Symlinking: /home/moustafaahmed13/ros2_ws/install/gazebo_ackermann_steering_vehicle/share/ament_index/resource_index/parent_prefix_path/gazebo_ackermann_steering_vehicle
[14.763s] -- Symlinking: /home/moustafaahmed13/ros2_ws/install/gazebo_ackermann_steering_vehicle/share/gazebo_ackermann_steering_vehicle/environment/ament_prefix_path.sh
[14.778s] -- Symlinking: /home/moustafaahmed13/ros2_ws/install/gazebo_ackermann_steering_vehicle/share/gazebo_ackermann_steering_vehicle/environment/ament_prefix_path.dsv
[14.792s] -- Symlinking: /home/moustafaahmed13/ros2_ws/install/gazebo_ackermann_steering_vehicle/share/gazebo_ackermann_steering_vehicle/environment/path.sh
[14.806s] -- Symlinking: /home/moustafaahmed13/ros2_ws/install/gazebo_ackermann_steering_vehicle/share/gazebo_ackermann_steering_vehicle/environment/path.dsv
[14.820s] -- Symlinking: /home/moustafaahmed13/ros2_ws/install/gazebo_ackermann_steering_vehicle/share/gazebo_ackermann_steering_vehicle/local_setup.bash
[14.834s] -- Symlinking: /home/moustafaahmed13/ros2_ws/install/gazebo_ackermann_steering_vehicle/share/gazebo_ackermann_steering_vehicle/local_setup.sh
[14.849s] -- Symlinking: /home/moustafaahmed13/ros2_ws/install/gazebo_ackermann_steering_vehicle/share/gazebo_ackermann_steering_vehicle/local_setup.zsh
[14.863s] -- Symlinking: /home/moustafaahmed13/ros2_ws/install/gazebo_ackermann_steering_vehicle/share/gazebo_ackermann_steering_vehicle/local_setup.dsv
[14.878s] -- Symlinking: /home/moustafaahmed13/ros2_ws/install/gazebo_ackermann_steering_vehicle/share/gazebo_ackermann_steering_vehicle/package.dsv
[14.892s] -- Symlinking: /home/moustafaahmed13/ros2_ws/install/gazebo_ackermann_steering_vehicle/share/ament_index/resource_index/packages/gazebo_ackermann_steering_vehicle
[14.906s] -- Symlinking: /home/moustafaahmed13/ros2_ws/install/gazebo_ackermann_steering_vehicle/share/gazebo_ackermann_steering_vehicle/cmake/gazebo_ackermann_steering_vehicleConfig.cmake
[14.920s] -- Symlinking: /home/moustafaahmed13/ros2_ws/install/gazebo_ackermann_steering_vehicle/share/gazebo_ackermann_steering_vehicle/cmake/gazebo_ackermann_steering_vehicleConfig-version.cmake
[14.934s] -- Symlinking: /home/moustafaahmed13/ros2_ws/install/gazebo_ackermann_steering_vehicle/share/gazebo_ackermann_steering_vehicle/package.xml
[14.951s] Invoked command in '/home/moustafaahmed13/ros2_ws/build/gazebo_ackermann_steering_vehicle' returned '0': CMAKE_PREFIX_PATH=${CMAKE_PREFIX_PATH}:/home/moustafaahmed13/ros2_ws/install/mouse_teleop:/home/moustafaahmed13/ros2_ws/install/key_teleop:/home/moustafaahmed13/ros2_ws/install/f1tenth_gym_ros:/home/moustafaahmed13/ros2_ws/install/Autonomous_Systems_Project_Team_17:/home/moustafaahmed13/ros2_ws/src/f1tenth_gym_ros/install/f1tenth_gym_ros:/opt/ros/jazzy DEBUGINFOD_URLS=https://debuginfod.ubuntu.com /usr/bin/cmake --install /home/moustafaahmed13/ros2_ws/build/gazebo_ackermann_steering_vehicle
