[100%] Built target joystick_controller
[100%] Built target vehicle_controller
-- Install configuration: ""
-- Execute custom install script
-- Up-to-date symlink: /home/moustafaahmed13/ros2_ws/install/gazebo_ackermann_steering_vehicle/share/gazebo_ackermann_steering_vehicle/launch/joystick.launch.py
-- Up-to-date symlink: /home/moustafaahmed13/ros2_ws/install/gazebo_ackermann_steering_vehicle/share/gazebo_ackermann_steering_vehicle/launch/vehicle.launch.py
-- Up-to-date symlink: /home/moustafaahmed13/ros2_ws/install/gazebo_ackermann_steering_vehicle/share/gazebo_ackermann_steering_vehicle/model/vehicle.xacro
-- Up-to-date symlink: /home/moustafaahmed13/ros2_ws/install/gazebo_ackermann_steering_vehicle/share/gazebo_ackermann_steering_vehicle/config/gz_ros2_control.yaml
-- Up-to-date symlink: /home/moustafaahmed13/ros2_ws/install/gazebo_ackermann_steering_vehicle/share/gazebo_ackermann_steering_vehicle/config/parameters.yaml
-- Up-to-date symlink: /home/moustafaahmed13/ros2_ws/install/gazebo_ackermann_steering_vehicle/share/gazebo_ackermann_steering_vehicle/config/ros_gz_bridge.yaml
-- Up-to-date symlink: /home/moustafaahmed13/ros2_ws/install/gazebo_ackermann_steering_vehicle/lib/gazebo_ackermann_steering_vehicle/vehicle_controller
-- Up-to-date symlink: /home/moustafaahmed13/ros2_ws/install/gazebo_ackermann_steering_vehicle/lib/gazebo_ackermann_steering_vehicle/joystick_controller
-- Up-to-date symlink: /home/moustafaahmed13/ros2_ws/install/gazebo_ackermann_steering_vehicle/share/ament_index/resource_index/package_run_dependencies/gazebo_ackermann_steering_vehicle
-- Up-to-date symlink: /home/moustafaahmed13/ros2_ws/install/gazebo_ackermann_steering_vehicle/share/ament_index/resource_index/parent_prefix_path/gazebo_ackermann_steering_vehicle
-- Up-to-date symlink: /home/moustafaahmed13/ros2_ws/install/gazebo_ackermann_steering_vehicle/share/gazebo_ackermann_steering_vehicle/environment/ament_prefix_path.sh
-- Up-to-date symlink: /home/moustafaahmed13/ros2_ws/install/gazebo_ackermann_steering_vehicle/share/gazebo_ackermann_steering_vehicle/environment/ament_prefix_path.dsv
-- Up-to-date symlink: /home/moustafaahmed13/ros2_ws/install/gazebo_ackermann_steering_vehicle/share/gazebo_ackermann_steering_vehicle/environment/path.sh
-- Up-to-date symlink: /home/moustafaahmed13/ros2_ws/install/gazebo_ackermann_steering_vehicle/share/gazebo_ackermann_steering_vehicle/environment/path.dsv
-- Up-to-date symlink: /home/moustafaahmed13/ros2_ws/install/gazebo_ackermann_steering_vehicle/share/gazebo_ackermann_steering_vehicle/local_setup.bash
-- Up-to-date symlink: /home/moustafaahmed13/ros2_ws/install/gazebo_ackermann_steering_vehicle/share/gazebo_ackermann_steering_vehicle/local_setup.sh
-- Up-to-date symlink: /home/moustafaahmed13/ros2_ws/install/gazebo_ackermann_steering_vehicle/share/gazebo_ackermann_steering_vehicle/local_setup.zsh
-- Up-to-date symlink: /home/moustafaahmed13/ros2_ws/install/gazebo_ackermann_steering_vehicle/share/gazebo_ackermann_steering_vehicle/local_setup.dsv
-- Symlinking: /home/moustafaahmed13/ros2_ws/install/gazebo_ackermann_steering_vehicle/share/gazebo_ackermann_steering_vehicle/package.dsv
-- Up-to-date symlink: /home/moustafaahmed13/ros2_ws/install/gazebo_ackermann_steering_vehicle/share/ament_index/resource_index/packages/gazebo_ackermann_steering_vehicle
-- Up-to-date symlink: /home/moustafaahmed13/ros2_ws/install/gazebo_ackermann_steering_vehicle/share/gazebo_ackermann_steering_vehicle/cmake/gazebo_ackermann_steering_vehicleConfig.cmake
-- Up-to-date symlink: /home/moustafaahmed13/ros2_ws/install/gazebo_ackermann_steering_vehicle/share/gazebo_ackermann_steering_vehicle/cmake/gazebo_ackermann_steering_vehicleConfig-version.cmake
-- Up-to-date symlink: /home/moustafaahmed13/ros2_ws/install/gazebo_ackermann_steering_vehicle/share/gazebo_ackermann_steering_vehicle/package.xml
