[0.235s] DEBUG:colcon:Command line arguments: ['/usr/bin/colcon', 'build']
[0.235s] DEBUG:colcon:Parsed command line arguments: Namespace(log_base=None, log_level=None, verb_name='build', build_base='build', install_base='install', merge_install=False, symlink_install=False, test_result_base=None, continue_on_error=False, executor='parallel', parallel_workers=4, event_handlers=None, ignore_user_meta=False, metas=['./colcon.meta'], base_paths=['.'], packages_ignore=None, packages_ignore_regex=None, paths=None, packages_up_to=None, packages_up_to_regex=None, packages_above=None, packages_above_and_dependencies=None, packages_above_depth=None, packages_select_by_dep=None, packages_skip_by_dep=None, packages_skip_up_to=None, packages_select_build_failed=False, packages_skip_build_finished=False, packages_select_test_failures=False, packages_skip_test_passed=False, packages_select=None, packages_skip=None, packages_select_regex=None, packages_skip_regex=None, packages_start=None, packages_end=None, allow_overriding=[], cmake_args=None, cmake_target=None, cmake_target_skip_unavailable=False, cmake_clean_cache=False, cmake_clean_first=False, cmake_force_configure=False, ament_cmake_args=None, catkin_cmake_args=None, catkin_skip_building_tests=False, mixin_files=None, mixin=None, verb_parser=<colcon_mixin.mixin.mixin_argument.MixinArgumentDecorator object at 0x7d0992123ad0>, verb_extension=<colcon_core.verb.build.BuildVerb object at 0x7d09927d3020>, main=<bound method BuildVerb.main of <colcon_core.verb.build.BuildVerb object at 0x7d09927d3020>>, mixin_verb=('build',))
[0.292s] Level 1:colcon.colcon_core.package_discovery:discover_packages(colcon_meta) check parameters
[0.292s] Level 1:colcon.colcon_core.package_discovery:discover_packages(recursive) check parameters
[0.292s] Level 1:colcon.colcon_core.package_discovery:discover_packages(ignore) check parameters
[0.292s] Level 1:colcon.colcon_core.package_discovery:discover_packages(path) check parameters
[0.292s] Level 1:colcon.colcon_core.package_discovery:discover_packages(colcon_meta) discover
[0.292s] Level 1:colcon.colcon_core.package_discovery:discover_packages(recursive) discover
[0.292s] INFO:colcon.colcon_core.package_discovery:Crawling recursively for packages in '/home/moustafaahmed13/ros2_ws'
[0.292s] Level 1:colcon.colcon_core.package_identification:_identify(.) by extensions ['ignore', 'ignore_ament_install']
[0.292s] Level 1:colcon.colcon_core.package_identification:_identify(.) by extension 'ignore'
[0.292s] Level 1:colcon.colcon_core.package_identification:_identify(.) by extension 'ignore_ament_install'
[0.292s] Level 1:colcon.colcon_core.package_identification:_identify(.) by extensions ['colcon_pkg']
[0.292s] Level 1:colcon.colcon_core.package_identification:_identify(.) by extension 'colcon_pkg'
[0.292s] Level 1:colcon.colcon_core.package_identification:_identify(.) by extensions ['colcon_meta']
[0.293s] Level 1:colcon.colcon_core.package_identification:_identify(.) by extension 'colcon_meta'
[0.293s] Level 1:colcon.colcon_core.package_identification:_identify(.) by extensions ['ros']
[0.293s] Level 1:colcon.colcon_core.package_identification:_identify(.) by extension 'ros'
[0.325s] Level 1:colcon.colcon_core.package_identification:_identify(.) by extensions ['cmake', 'python']
[0.325s] Level 1:colcon.colcon_core.package_identification:_identify(.) by extension 'cmake'
[0.325s] Level 1:colcon.colcon_core.package_identification:_identify(.) by extension 'python'
[0.325s] Level 1:colcon.colcon_core.package_identification:_identify(.) by extensions ['python_setup_py']
[0.325s] Level 1:colcon.colcon_core.package_identification:_identify(.) by extension 'python_setup_py'
[0.325s] Level 1:colcon.colcon_core.package_identification:_identify(build) by extensions ['ignore', 'ignore_ament_install']
[0.326s] Level 1:colcon.colcon_core.package_identification:_identify(build) by extension 'ignore'
[0.326s] Level 1:colcon.colcon_core.package_identification:_identify(build) ignored
[0.326s] Level 1:colcon.colcon_core.package_identification:_identify(install) by extensions ['ignore', 'ignore_ament_install']
[0.326s] Level 1:colcon.colcon_core.package_identification:_identify(install) by extension 'ignore'
[0.326s] Level 1:colcon.colcon_core.package_identification:_identify(install) ignored
[0.326s] Level 1:colcon.colcon_core.package_identification:_identify(log) by extensions ['ignore', 'ignore_ament_install']
[0.326s] Level 1:colcon.colcon_core.package_identification:_identify(log) by extension 'ignore'
[0.326s] Level 1:colcon.colcon_core.package_identification:_identify(log) ignored
[0.326s] Level 1:colcon.colcon_core.package_identification:_identify(src) by extensions ['ignore', 'ignore_ament_install']
[0.326s] Level 1:colcon.colcon_core.package_identification:_identify(src) by extension 'ignore'
[0.327s] Level 1:colcon.colcon_core.package_identification:_identify(src) by extension 'ignore_ament_install'
[0.327s] Level 1:colcon.colcon_core.package_identification:_identify(src) by extensions ['colcon_pkg']
[0.327s] Level 1:colcon.colcon_core.package_identification:_identify(src) by extension 'colcon_pkg'
[0.327s] Level 1:colcon.colcon_core.package_identification:_identify(src) by extensions ['colcon_meta']
[0.327s] Level 1:colcon.colcon_core.package_identification:_identify(src) by extension 'colcon_meta'
[0.327s] Level 1:colcon.colcon_core.package_identification:_identify(src) by extensions ['ros']
[0.327s] Level 1:colcon.colcon_core.package_identification:_identify(src) by extension 'ros'
[0.327s] Level 1:colcon.colcon_core.package_identification:_identify(src) by extensions ['cmake', 'python']
[0.327s] Level 1:colcon.colcon_core.package_identification:_identify(src) by extension 'cmake'
[0.327s] Level 1:colcon.colcon_core.package_identification:_identify(src) by extension 'python'
[0.327s] Level 1:colcon.colcon_core.package_identification:_identify(src) by extensions ['python_setup_py']
[0.327s] Level 1:colcon.colcon_core.package_identification:_identify(src) by extension 'python_setup_py'
[0.327s] Level 1:colcon.colcon_core.package_identification:_identify(src/Autonomous_Systems_Project_Team_17) by extensions ['ignore', 'ignore_ament_install']
[0.327s] Level 1:colcon.colcon_core.package_identification:_identify(src/Autonomous_Systems_Project_Team_17) by extension 'ignore'
[0.327s] Level 1:colcon.colcon_core.package_identification:_identify(src/Autonomous_Systems_Project_Team_17) by extension 'ignore_ament_install'
[0.328s] Level 1:colcon.colcon_core.package_identification:_identify(src/Autonomous_Systems_Project_Team_17) by extensions ['colcon_pkg']
[0.328s] Level 1:colcon.colcon_core.package_identification:_identify(src/Autonomous_Systems_Project_Team_17) by extension 'colcon_pkg'
[0.328s] Level 1:colcon.colcon_core.package_identification:_identify(src/Autonomous_Systems_Project_Team_17) by extensions ['colcon_meta']
[0.328s] Level 1:colcon.colcon_core.package_identification:_identify(src/Autonomous_Systems_Project_Team_17) by extension 'colcon_meta'
[0.328s] Level 1:colcon.colcon_core.package_identification:_identify(src/Autonomous_Systems_Project_Team_17) by extensions ['ros']
[0.328s] Level 1:colcon.colcon_core.package_identification:_identify(src/Autonomous_Systems_Project_Team_17) by extension 'ros'
[0.332s] DEBUG:colcon.colcon_core.package_identification:Package 'src/Autonomous_Systems_Project_Team_17' with type 'ros.ament_python' and name 'Autonomous_Systems_Project_Team_17'
[0.332s] Level 1:colcon.colcon_core.package_identification:_identify(src/gazebo_ackermann_steering_vehicle) by extensions ['ignore', 'ignore_ament_install']
[0.332s] Level 1:colcon.colcon_core.package_identification:_identify(src/gazebo_ackermann_steering_vehicle) by extension 'ignore'
[0.332s] Level 1:colcon.colcon_core.package_identification:_identify(src/gazebo_ackermann_steering_vehicle) by extension 'ignore_ament_install'
[0.332s] Level 1:colcon.colcon_core.package_identification:_identify(src/gazebo_ackermann_steering_vehicle) by extensions ['colcon_pkg']
[0.332s] Level 1:colcon.colcon_core.package_identification:_identify(src/gazebo_ackermann_steering_vehicle) by extension 'colcon_pkg'
[0.332s] Level 1:colcon.colcon_core.package_identification:_identify(src/gazebo_ackermann_steering_vehicle) by extensions ['colcon_meta']
[0.332s] Level 1:colcon.colcon_core.package_identification:_identify(src/gazebo_ackermann_steering_vehicle) by extension 'colcon_meta'
[0.332s] Level 1:colcon.colcon_core.package_identification:_identify(src/gazebo_ackermann_steering_vehicle) by extensions ['ros']
[0.332s] Level 1:colcon.colcon_core.package_identification:_identify(src/gazebo_ackermann_steering_vehicle) by extension 'ros'
[0.333s] DEBUG:colcon.colcon_core.package_identification:Package 'src/gazebo_ackermann_steering_vehicle' with type 'ros.ament_cmake' and name 'gazebo_ackermann_steering_vehicle'
[0.333s] Level 1:colcon.colcon_core.package_discovery:discover_packages(recursive) using defaults
[0.333s] Level 1:colcon.colcon_core.package_discovery:discover_packages(ignore) discover
[0.333s] Level 1:colcon.colcon_core.package_discovery:discover_packages(ignore) using defaults
[0.333s] Level 1:colcon.colcon_core.package_discovery:discover_packages(path) discover
[0.333s] Level 1:colcon.colcon_core.package_discovery:discover_packages(path) using defaults
[0.360s] Level 1:colcon.colcon_core.package_discovery:discover_packages(prefix_path) check parameters
[0.360s] Level 1:colcon.colcon_core.package_discovery:discover_packages(prefix_path) discover
[0.361s] WARNING:colcon.colcon_core.prefix_path.colcon:The path '/home/moustafaahmed13/ros2_ws/src/f1tenth_gym_ros/install' in the environment variable COLCON_PREFIX_PATH doesn't exist
[0.361s] WARNING:colcon.colcon_ros.prefix_path.ament:The path '/home/moustafaahmed13/ros2_ws/install/f1tenth_gazebo' in the environment variable AMENT_PREFIX_PATH doesn't exist
[0.361s] WARNING:colcon.colcon_ros.prefix_path.ament:The path '/home/moustafaahmed13/ros2_ws/install/vesc_msgs' in the environment variable AMENT_PREFIX_PATH doesn't exist
[0.361s] WARNING:colcon.colcon_ros.prefix_path.ament:The path '/home/moustafaahmed13/ros2_ws/install/teleop_tools_msgs' in the environment variable AMENT_PREFIX_PATH doesn't exist
[0.361s] WARNING:colcon.colcon_ros.prefix_path.ament:The path '/home/moustafaahmed13/ros2_ws/install/mouse_teleop' in the environment variable AMENT_PREFIX_PATH doesn't exist
[0.362s] WARNING:colcon.colcon_ros.prefix_path.ament:The path '/home/moustafaahmed13/ros2_ws/install/key_teleop' in the environment variable AMENT_PREFIX_PATH doesn't exist
[0.362s] WARNING:colcon.colcon_ros.prefix_path.ament:The path '/home/moustafaahmed13/ros2_ws/install/f1tenth_gym_ros' in the environment variable AMENT_PREFIX_PATH doesn't exist
[0.362s] WARNING:colcon.colcon_ros.prefix_path.ament:The path '/home/moustafaahmed13/ros2_ws/src/f1tenth_gym_ros/install/f1tenth_gym_ros' in the environment variable AMENT_PREFIX_PATH doesn't exist
[0.362s] WARNING:colcon.colcon_ros.prefix_path.catkin:The path '/home/moustafaahmed13/ros2_ws/install/f1tenth_gazebo' in the environment variable CMAKE_PREFIX_PATH doesn't exist
[0.362s] WARNING:colcon.colcon_ros.prefix_path.catkin:The path '/home/moustafaahmed13/ros2_ws/install/vesc_msgs' in the environment variable CMAKE_PREFIX_PATH doesn't exist
[0.362s] WARNING:colcon.colcon_ros.prefix_path.catkin:The path '/home/moustafaahmed13/ros2_ws/install/teleop_tools_msgs' in the environment variable CMAKE_PREFIX_PATH doesn't exist
[0.363s] DEBUG:colcon.colcon_installed_package_information.package_discovery:Found 2 installed packages in /home/moustafaahmed13/ros2_ws/install
[0.366s] DEBUG:colcon.colcon_installed_package_information.package_discovery:Found 399 installed packages in /opt/ros/jazzy
[0.367s] Level 1:colcon.colcon_core.package_discovery:discover_packages(prefix_path) using defaults
[0.446s] Level 5:colcon.colcon_core.verb:set package 'Autonomous_Systems_Project_Team_17' build argument 'cmake_args' from command line to 'None'
[0.446s] Level 5:colcon.colcon_core.verb:set package 'Autonomous_Systems_Project_Team_17' build argument 'cmake_target' from command line to 'None'
[0.446s] Level 5:colcon.colcon_core.verb:set package 'Autonomous_Systems_Project_Team_17' build argument 'cmake_target_skip_unavailable' from command line to 'False'
[0.446s] Level 5:colcon.colcon_core.verb:set package 'Autonomous_Systems_Project_Team_17' build argument 'cmake_clean_cache' from command line to 'False'
[0.446s] Level 5:colcon.colcon_core.verb:set package 'Autonomous_Systems_Project_Team_17' build argument 'cmake_clean_first' from command line to 'False'
[0.446s] Level 5:colcon.colcon_core.verb:set package 'Autonomous_Systems_Project_Team_17' build argument 'cmake_force_configure' from command line to 'False'
[0.446s] Level 5:colcon.colcon_core.verb:set package 'Autonomous_Systems_Project_Team_17' build argument 'ament_cmake_args' from command line to 'None'
[0.446s] Level 5:colcon.colcon_core.verb:set package 'Autonomous_Systems_Project_Team_17' build argument 'catkin_cmake_args' from command line to 'None'
[0.446s] Level 5:colcon.colcon_core.verb:set package 'Autonomous_Systems_Project_Team_17' build argument 'catkin_skip_building_tests' from command line to 'False'
[0.446s] DEBUG:colcon.colcon_core.verb:Building package 'Autonomous_Systems_Project_Team_17' with the following arguments: {'ament_cmake_args': None, 'build_base': '/home/moustafaahmed13/ros2_ws/build/Autonomous_Systems_Project_Team_17', 'catkin_cmake_args': None, 'catkin_skip_building_tests': False, 'cmake_args': None, 'cmake_clean_cache': False, 'cmake_clean_first': False, 'cmake_force_configure': False, 'cmake_target': None, 'cmake_target_skip_unavailable': False, 'install_base': '/home/moustafaahmed13/ros2_ws/install/Autonomous_Systems_Project_Team_17', 'merge_install': False, 'path': '/home/moustafaahmed13/ros2_ws/src/Autonomous_Systems_Project_Team_17', 'symlink_install': False, 'test_result_base': None}
[0.446s] Level 5:colcon.colcon_core.verb:set package 'gazebo_ackermann_steering_vehicle' build argument 'cmake_args' from command line to 'None'
[0.446s] Level 5:colcon.colcon_core.verb:set package 'gazebo_ackermann_steering_vehicle' build argument 'cmake_target' from command line to 'None'
[0.446s] Level 5:colcon.colcon_core.verb:set package 'gazebo_ackermann_steering_vehicle' build argument 'cmake_target_skip_unavailable' from command line to 'False'
[0.446s] Level 5:colcon.colcon_core.verb:set package 'gazebo_ackermann_steering_vehicle' build argument 'cmake_clean_cache' from command line to 'False'
[0.446s] Level 5:colcon.colcon_core.verb:set package 'gazebo_ackermann_steering_vehicle' build argument 'cmake_clean_first' from command line to 'False'
[0.447s] Level 5:colcon.colcon_core.verb:set package 'gazebo_ackermann_steering_vehicle' build argument 'cmake_force_configure' from command line to 'False'
[0.447s] Level 5:colcon.colcon_core.verb:set package 'gazebo_ackermann_steering_vehicle' build argument 'ament_cmake_args' from command line to 'None'
[0.447s] Level 5:colcon.colcon_core.verb:set package 'gazebo_ackermann_steering_vehicle' build argument 'catkin_cmake_args' from command line to 'None'
[0.447s] Level 5:colcon.colcon_core.verb:set package 'gazebo_ackermann_steering_vehicle' build argument 'catkin_skip_building_tests' from command line to 'False'
[0.447s] DEBUG:colcon.colcon_core.verb:Building package 'gazebo_ackermann_steering_vehicle' with the following arguments: {'ament_cmake_args': None, 'build_base': '/home/moustafaahmed13/ros2_ws/build/gazebo_ackermann_steering_vehicle', 'catkin_cmake_args': None, 'catkin_skip_building_tests': False, 'cmake_args': None, 'cmake_clean_cache': False, 'cmake_clean_first': False, 'cmake_force_configure': False, 'cmake_target': None, 'cmake_target_skip_unavailable': False, 'install_base': '/home/moustafaahmed13/ros2_ws/install/gazebo_ackermann_steering_vehicle', 'merge_install': False, 'path': '/home/moustafaahmed13/ros2_ws/src/gazebo_ackermann_steering_vehicle', 'symlink_install': False, 'test_result_base': None}
[0.447s] INFO:colcon.colcon_core.executor:Executing jobs using 'parallel' executor
[0.448s] DEBUG:colcon.colcon_parallel_executor.executor.parallel:run_until_complete
[0.448s] INFO:colcon.colcon_ros.task.ament_python.build:Building ROS package in '/home/moustafaahmed13/ros2_ws/src/Autonomous_Systems_Project_Team_17' with build type 'ament_python'
[0.448s] Level 1:colcon.colcon_core.shell:create_environment_hook('Autonomous_Systems_Project_Team_17', 'ament_prefix_path')
[0.452s] INFO:colcon.colcon_core.plugin_system:Skipping extension 'colcon_core.shell.bat': Not used on non-Windows systems
[0.453s] INFO:colcon.colcon_core.shell:Creating environment hook '/home/moustafaahmed13/ros2_ws/install/Autonomous_Systems_Project_Team_17/share/Autonomous_Systems_Project_Team_17/hook/ament_prefix_path.ps1'
[0.453s] INFO:colcon.colcon_core.shell:Creating environment descriptor '/home/moustafaahmed13/ros2_ws/install/Autonomous_Systems_Project_Team_17/share/Autonomous_Systems_Project_Team_17/hook/ament_prefix_path.dsv'
[0.454s] INFO:colcon.colcon_core.shell:Creating environment hook '/home/moustafaahmed13/ros2_ws/install/Autonomous_Systems_Project_Team_17/share/Autonomous_Systems_Project_Team_17/hook/ament_prefix_path.sh'
[0.455s] INFO:colcon.colcon_core.shell:Skip shell extension 'powershell' for command environment: Not usable outside of PowerShell
[0.455s] DEBUG:colcon.colcon_core.shell:Skip shell extension 'dsv' for command environment
[0.461s] INFO:colcon.colcon_ros.task.ament_cmake.build:Building ROS package in '/home/moustafaahmed13/ros2_ws/src/gazebo_ackermann_steering_vehicle' with build type 'ament_cmake'
[0.461s] INFO:colcon.colcon_cmake.task.cmake.build:Building CMake package in '/home/moustafaahmed13/ros2_ws/src/gazebo_ackermann_steering_vehicle'
[0.462s] INFO:colcon.colcon_core.shell:Skip shell extension 'powershell' for command environment: Not usable outside of PowerShell
[0.462s] DEBUG:colcon.colcon_core.shell:Skip shell extension 'dsv' for command environment
[0.830s] INFO:colcon.colcon_core.task.python.build:Building Python package in '/home/moustafaahmed13/ros2_ws/src/Autonomous_Systems_Project_Team_17'
[0.830s] INFO:colcon.colcon_core.shell:Skip shell extension 'powershell' for command environment: Not usable outside of PowerShell
[0.830s] DEBUG:colcon.colcon_core.shell:Skip shell extension 'dsv' for command environment
[0.839s] DEBUG:colcon.colcon_core.event_handler.log_command:Invoking command in '/home/moustafaahmed13/ros2_ws/build/gazebo_ackermann_steering_vehicle': CMAKE_PREFIX_PATH=${CMAKE_PREFIX_PATH}:/home/moustafaahmed13/ros2_ws/install/mouse_teleop:/home/moustafaahmed13/ros2_ws/install/key_teleop:/home/moustafaahmed13/ros2_ws/install/f1tenth_gym_ros:/home/moustafaahmed13/ros2_ws/install/Autonomous_Systems_Project_Team_17:/home/moustafaahmed13/ros2_ws/src/f1tenth_gym_ros/install/f1tenth_gym_ros:/opt/ros/jazzy DEBUGINFOD_URLS=https://debuginfod.ubuntu.com /usr/bin/cmake /home/moustafaahmed13/ros2_ws/src/gazebo_ackermann_steering_vehicle -DCMAKE_INSTALL_PREFIX=/home/moustafaahmed13/ros2_ws/install/gazebo_ackermann_steering_vehicle
[1.852s] DEBUG:colcon.colcon_core.event_handler.log_command:Invoked command in '/home/moustafaahmed13/ros2_ws/build/gazebo_ackermann_steering_vehicle' returned '0': CMAKE_PREFIX_PATH=${CMAKE_PREFIX_PATH}:/home/moustafaahmed13/ros2_ws/install/mouse_teleop:/home/moustafaahmed13/ros2_ws/install/key_teleop:/home/moustafaahmed13/ros2_ws/install/f1tenth_gym_ros:/home/moustafaahmed13/ros2_ws/install/Autonomous_Systems_Project_Team_17:/home/moustafaahmed13/ros2_ws/src/f1tenth_gym_ros/install/f1tenth_gym_ros:/opt/ros/jazzy DEBUGINFOD_URLS=https://debuginfod.ubuntu.com /usr/bin/cmake /home/moustafaahmed13/ros2_ws/src/gazebo_ackermann_steering_vehicle -DCMAKE_INSTALL_PREFIX=/home/moustafaahmed13/ros2_ws/install/gazebo_ackermann_steering_vehicle
[1.854s] DEBUG:colcon.colcon_core.event_handler.log_command:Invoking command in '/home/moustafaahmed13/ros2_ws/build/gazebo_ackermann_steering_vehicle': CMAKE_PREFIX_PATH=${CMAKE_PREFIX_PATH}:/home/moustafaahmed13/ros2_ws/install/mouse_teleop:/home/moustafaahmed13/ros2_ws/install/key_teleop:/home/moustafaahmed13/ros2_ws/install/f1tenth_gym_ros:/home/moustafaahmed13/ros2_ws/install/Autonomous_Systems_Project_Team_17:/home/moustafaahmed13/ros2_ws/src/f1tenth_gym_ros/install/f1tenth_gym_ros:/opt/ros/jazzy DEBUGINFOD_URLS=https://debuginfod.ubuntu.com /usr/bin/cmake --build /home/moustafaahmed13/ros2_ws/build/gazebo_ackermann_steering_vehicle -- -j4 -l4
[1.941s] DEBUG:colcon.colcon_core.event_handler.log_command:Invoking command in '/home/moustafaahmed13/ros2_ws/build/Autonomous_Systems_Project_Team_17': DEBUGINFOD_URLS=https://debuginfod.ubuntu.com PYTHONPATH=/home/moustafaahmed13/ros2_ws/build/Autonomous_Systems_Project_Team_17/prefix_override:/usr/lib/python3/dist-packages/colcon_core/task/python/colcon_distutils_commands:/home/moustafaahmed13/ros2_ws/install/Autonomous_Systems_Project_Team_17/lib/python3.12/site-packages:${PYTHONPATH} /usr/bin/python3 -W ignore:setup.py install is deprecated -W ignore:easy_install command is deprecated setup.py develop --uninstall --editable --build-directory /home/moustafaahmed13/ros2_ws/build/Autonomous_Systems_Project_Team_17/build
[1.969s] DEBUG:colcon.colcon_core.event_handler.log_command:Invoked command in '/home/moustafaahmed13/ros2_ws/build/gazebo_ackermann_steering_vehicle' returned '0': CMAKE_PREFIX_PATH=${CMAKE_PREFIX_PATH}:/home/moustafaahmed13/ros2_ws/install/mouse_teleop:/home/moustafaahmed13/ros2_ws/install/key_teleop:/home/moustafaahmed13/ros2_ws/install/f1tenth_gym_ros:/home/moustafaahmed13/ros2_ws/install/Autonomous_Systems_Project_Team_17:/home/moustafaahmed13/ros2_ws/src/f1tenth_gym_ros/install/f1tenth_gym_ros:/opt/ros/jazzy DEBUGINFOD_URLS=https://debuginfod.ubuntu.com /usr/bin/cmake --build /home/moustafaahmed13/ros2_ws/build/gazebo_ackermann_steering_vehicle -- -j4 -l4
[1.985s] DEBUG:colcon.colcon_core.event_handler.log_command:Invoking command in '/home/moustafaahmed13/ros2_ws/build/gazebo_ackermann_steering_vehicle': CMAKE_PREFIX_PATH=${CMAKE_PREFIX_PATH}:/home/moustafaahmed13/ros2_ws/install/mouse_teleop:/home/moustafaahmed13/ros2_ws/install/key_teleop:/home/moustafaahmed13/ros2_ws/install/f1tenth_gym_ros:/home/moustafaahmed13/ros2_ws/install/Autonomous_Systems_Project_Team_17:/home/moustafaahmed13/ros2_ws/src/f1tenth_gym_ros/install/f1tenth_gym_ros:/opt/ros/jazzy DEBUGINFOD_URLS=https://debuginfod.ubuntu.com /usr/bin/cmake --install /home/moustafaahmed13/ros2_ws/build/gazebo_ackermann_steering_vehicle
[2.020s] Level 1:colcon.colcon_core.environment:create_environment_scripts_only(gazebo_ackermann_steering_vehicle)
[2.021s] DEBUG:colcon.colcon_core.event_handler.log_command:Invoked command in '/home/moustafaahmed13/ros2_ws/build/gazebo_ackermann_steering_vehicle' returned '0': CMAKE_PREFIX_PATH=${CMAKE_PREFIX_PATH}:/home/moustafaahmed13/ros2_ws/install/mouse_teleop:/home/moustafaahmed13/ros2_ws/install/key_teleop:/home/moustafaahmed13/ros2_ws/install/f1tenth_gym_ros:/home/moustafaahmed13/ros2_ws/install/Autonomous_Systems_Project_Team_17:/home/moustafaahmed13/ros2_ws/src/f1tenth_gym_ros/install/f1tenth_gym_ros:/opt/ros/jazzy DEBUGINFOD_URLS=https://debuginfod.ubuntu.com /usr/bin/cmake --install /home/moustafaahmed13/ros2_ws/build/gazebo_ackermann_steering_vehicle
[2.026s] Level 1:colcon.colcon_core.environment:checking '/home/moustafaahmed13/ros2_ws/install/gazebo_ackermann_steering_vehicle' for CMake module files
[2.027s] Level 1:colcon.colcon_core.environment:checking '/home/moustafaahmed13/ros2_ws/install/gazebo_ackermann_steering_vehicle' for CMake config files
[2.027s] Level 1:colcon.colcon_core.shell:create_environment_hook('gazebo_ackermann_steering_vehicle', 'cmake_prefix_path')
[2.027s] INFO:colcon.colcon_core.shell:Creating environment hook '/home/moustafaahmed13/ros2_ws/install/gazebo_ackermann_steering_vehicle/share/gazebo_ackermann_steering_vehicle/hook/cmake_prefix_path.ps1'
[2.028s] INFO:colcon.colcon_core.shell:Creating environment descriptor '/home/moustafaahmed13/ros2_ws/install/gazebo_ackermann_steering_vehicle/share/gazebo_ackermann_steering_vehicle/hook/cmake_prefix_path.dsv'
[2.029s] INFO:colcon.colcon_core.shell:Creating environment hook '/home/moustafaahmed13/ros2_ws/install/gazebo_ackermann_steering_vehicle/share/gazebo_ackermann_steering_vehicle/hook/cmake_prefix_path.sh'
[2.029s] Level 1:colcon.colcon_core.environment:checking '/home/moustafaahmed13/ros2_ws/install/gazebo_ackermann_steering_vehicle/lib'
[2.030s] Level 1:colcon.colcon_core.environment:checking '/home/moustafaahmed13/ros2_ws/install/gazebo_ackermann_steering_vehicle/bin'
[2.030s] Level 1:colcon.colcon_core.environment:checking '/home/moustafaahmed13/ros2_ws/install/gazebo_ackermann_steering_vehicle/lib/pkgconfig/gazebo_ackermann_steering_vehicle.pc'
[2.030s] Level 1:colcon.colcon_core.environment:checking '/home/moustafaahmed13/ros2_ws/install/gazebo_ackermann_steering_vehicle/lib/python3.12/site-packages'
[2.031s] Level 1:colcon.colcon_core.environment:checking '/home/moustafaahmed13/ros2_ws/install/gazebo_ackermann_steering_vehicle/bin'
[2.031s] INFO:colcon.colcon_core.shell:Creating package script '/home/moustafaahmed13/ros2_ws/install/gazebo_ackermann_steering_vehicle/share/gazebo_ackermann_steering_vehicle/package.ps1'
[2.032s] INFO:colcon.colcon_core.shell:Creating package descriptor '/home/moustafaahmed13/ros2_ws/install/gazebo_ackermann_steering_vehicle/share/gazebo_ackermann_steering_vehicle/package.dsv'
[2.032s] INFO:colcon.colcon_core.shell:Creating package script '/home/moustafaahmed13/ros2_ws/install/gazebo_ackermann_steering_vehicle/share/gazebo_ackermann_steering_vehicle/package.sh'
[2.033s] INFO:colcon.colcon_core.shell:Creating package script '/home/moustafaahmed13/ros2_ws/install/gazebo_ackermann_steering_vehicle/share/gazebo_ackermann_steering_vehicle/package.bash'
[2.034s] INFO:colcon.colcon_core.shell:Creating package script '/home/moustafaahmed13/ros2_ws/install/gazebo_ackermann_steering_vehicle/share/gazebo_ackermann_steering_vehicle/package.zsh'
[2.035s] Level 1:colcon.colcon_core.environment:create_file_with_runtime_dependencies(/home/moustafaahmed13/ros2_ws/install/gazebo_ackermann_steering_vehicle/share/colcon-core/packages/gazebo_ackermann_steering_vehicle)
[2.035s] Level 1:colcon.colcon_core.environment:create_environment_scripts_only(gazebo_ackermann_steering_vehicle)
[2.036s] Level 1:colcon.colcon_core.environment:checking '/home/moustafaahmed13/ros2_ws/install/gazebo_ackermann_steering_vehicle' for CMake module files
[2.036s] Level 1:colcon.colcon_core.environment:checking '/home/moustafaahmed13/ros2_ws/install/gazebo_ackermann_steering_vehicle' for CMake config files
[2.037s] Level 1:colcon.colcon_core.shell:create_environment_hook('gazebo_ackermann_steering_vehicle', 'cmake_prefix_path')
[2.037s] INFO:colcon.colcon_core.shell:Creating environment hook '/home/moustafaahmed13/ros2_ws/install/gazebo_ackermann_steering_vehicle/share/gazebo_ackermann_steering_vehicle/hook/cmake_prefix_path.ps1'
[2.037s] INFO:colcon.colcon_core.shell:Creating environment descriptor '/home/moustafaahmed13/ros2_ws/install/gazebo_ackermann_steering_vehicle/share/gazebo_ackermann_steering_vehicle/hook/cmake_prefix_path.dsv'
[2.038s] INFO:colcon.colcon_core.shell:Creating environment hook '/home/moustafaahmed13/ros2_ws/install/gazebo_ackermann_steering_vehicle/share/gazebo_ackermann_steering_vehicle/hook/cmake_prefix_path.sh'
[2.038s] Level 1:colcon.colcon_core.environment:checking '/home/moustafaahmed13/ros2_ws/install/gazebo_ackermann_steering_vehicle/lib'
[2.039s] Level 1:colcon.colcon_core.environment:checking '/home/moustafaahmed13/ros2_ws/install/gazebo_ackermann_steering_vehicle/bin'
[2.039s] Level 1:colcon.colcon_core.environment:checking '/home/moustafaahmed13/ros2_ws/install/gazebo_ackermann_steering_vehicle/lib/pkgconfig/gazebo_ackermann_steering_vehicle.pc'
[2.039s] Level 1:colcon.colcon_core.environment:checking '/home/moustafaahmed13/ros2_ws/install/gazebo_ackermann_steering_vehicle/lib/python3.12/site-packages'
[2.040s] Level 1:colcon.colcon_core.environment:checking '/home/moustafaahmed13/ros2_ws/install/gazebo_ackermann_steering_vehicle/bin'
[2.040s] INFO:colcon.colcon_core.shell:Creating package script '/home/moustafaahmed13/ros2_ws/install/gazebo_ackermann_steering_vehicle/share/gazebo_ackermann_steering_vehicle/package.ps1'
[2.041s] INFO:colcon.colcon_core.shell:Creating package descriptor '/home/moustafaahmed13/ros2_ws/install/gazebo_ackermann_steering_vehicle/share/gazebo_ackermann_steering_vehicle/package.dsv'
[2.041s] INFO:colcon.colcon_core.shell:Creating package script '/home/moustafaahmed13/ros2_ws/install/gazebo_ackermann_steering_vehicle/share/gazebo_ackermann_steering_vehicle/package.sh'
[2.042s] INFO:colcon.colcon_core.shell:Creating package script '/home/moustafaahmed13/ros2_ws/install/gazebo_ackermann_steering_vehicle/share/gazebo_ackermann_steering_vehicle/package.bash'
[2.042s] INFO:colcon.colcon_core.shell:Creating package script '/home/moustafaahmed13/ros2_ws/install/gazebo_ackermann_steering_vehicle/share/gazebo_ackermann_steering_vehicle/package.zsh'
[2.043s] Level 1:colcon.colcon_core.environment:create_file_with_runtime_dependencies(/home/moustafaahmed13/ros2_ws/install/gazebo_ackermann_steering_vehicle/share/colcon-core/packages/gazebo_ackermann_steering_vehicle)
[2.994s] DEBUG:colcon.colcon_core.event_handler.log_command:Invoked command in '/home/moustafaahmed13/ros2_ws/build/Autonomous_Systems_Project_Team_17' returned '0': DEBUGINFOD_URLS=https://debuginfod.ubuntu.com PYTHONPATH=/home/moustafaahmed13/ros2_ws/build/Autonomous_Systems_Project_Team_17/prefix_override:/usr/lib/python3/dist-packages/colcon_core/task/python/colcon_distutils_commands:/home/moustafaahmed13/ros2_ws/install/Autonomous_Systems_Project_Team_17/lib/python3.12/site-packages:${PYTHONPATH} /usr/bin/python3 -W ignore:setup.py install is deprecated -W ignore:easy_install command is deprecated setup.py develop --uninstall --editable --build-directory /home/moustafaahmed13/ros2_ws/build/Autonomous_Systems_Project_Team_17/build
[2.995s] DEBUG:colcon.colcon_core.event_handler.log_command:Invoking command in '/home/moustafaahmed13/ros2_ws/src/Autonomous_Systems_Project_Team_17': DEBUGINFOD_URLS=https://debuginfod.ubuntu.com PYTHONPATH=/home/moustafaahmed13/ros2_ws/build/Autonomous_Systems_Project_Team_17/prefix_override:/usr/lib/python3/dist-packages/colcon_core/task/python/colcon_distutils_commands:/home/moustafaahmed13/ros2_ws/install/Autonomous_Systems_Project_Team_17/lib/python3.12/site-packages:${PYTHONPATH} /usr/bin/python3 -W ignore:setup.py install is deprecated -W ignore:easy_install command is deprecated setup.py egg_info --egg-base ../../build/Autonomous_Systems_Project_Team_17 build --build-base /home/moustafaahmed13/ros2_ws/build/Autonomous_Systems_Project_Team_17/build install --record /home/moustafaahmed13/ros2_ws/build/Autonomous_Systems_Project_Team_17/install.log --single-version-externally-managed install_data --force
[4.049s] Level 1:colcon.colcon_core.environment:checking '/home/moustafaahmed13/ros2_ws/install/Autonomous_Systems_Project_Team_17' for CMake module files
[4.050s] DEBUG:colcon.colcon_core.event_handler.log_command:Invoked command in '/home/moustafaahmed13/ros2_ws/src/Autonomous_Systems_Project_Team_17' returned '0': DEBUGINFOD_URLS=https://debuginfod.ubuntu.com PYTHONPATH=/home/moustafaahmed13/ros2_ws/build/Autonomous_Systems_Project_Team_17/prefix_override:/usr/lib/python3/dist-packages/colcon_core/task/python/colcon_distutils_commands:/home/moustafaahmed13/ros2_ws/install/Autonomous_Systems_Project_Team_17/lib/python3.12/site-packages:${PYTHONPATH} /usr/bin/python3 -W ignore:setup.py install is deprecated -W ignore:easy_install command is deprecated setup.py egg_info --egg-base ../../build/Autonomous_Systems_Project_Team_17 build --build-base /home/moustafaahmed13/ros2_ws/build/Autonomous_Systems_Project_Team_17/build install --record /home/moustafaahmed13/ros2_ws/build/Autonomous_Systems_Project_Team_17/install.log --single-version-externally-managed install_data --force
[4.050s] Level 1:colcon.colcon_core.environment:checking '/home/moustafaahmed13/ros2_ws/install/Autonomous_Systems_Project_Team_17' for CMake config files
[4.051s] Level 1:colcon.colcon_core.environment:checking '/home/moustafaahmed13/ros2_ws/install/Autonomous_Systems_Project_Team_17/lib'
[4.051s] Level 1:colcon.colcon_core.environment:checking '/home/moustafaahmed13/ros2_ws/install/Autonomous_Systems_Project_Team_17/bin'
[4.051s] Level 1:colcon.colcon_core.environment:checking '/home/moustafaahmed13/ros2_ws/install/Autonomous_Systems_Project_Team_17/lib/pkgconfig/Autonomous_Systems_Project_Team_17.pc'
[4.052s] Level 1:colcon.colcon_core.environment:checking '/home/moustafaahmed13/ros2_ws/install/Autonomous_Systems_Project_Team_17/lib/python3.12/site-packages'
[4.052s] Level 1:colcon.colcon_core.shell:create_environment_hook('Autonomous_Systems_Project_Team_17', 'pythonpath')
[4.052s] INFO:colcon.colcon_core.shell:Creating environment hook '/home/moustafaahmed13/ros2_ws/install/Autonomous_Systems_Project_Team_17/share/Autonomous_Systems_Project_Team_17/hook/pythonpath.ps1'
[4.053s] INFO:colcon.colcon_core.shell:Creating environment descriptor '/home/moustafaahmed13/ros2_ws/install/Autonomous_Systems_Project_Team_17/share/Autonomous_Systems_Project_Team_17/hook/pythonpath.dsv'
[4.053s] INFO:colcon.colcon_core.shell:Creating environment hook '/home/moustafaahmed13/ros2_ws/install/Autonomous_Systems_Project_Team_17/share/Autonomous_Systems_Project_Team_17/hook/pythonpath.sh'
[4.054s] Level 1:colcon.colcon_core.environment:checking '/home/moustafaahmed13/ros2_ws/install/Autonomous_Systems_Project_Team_17/bin'
[4.054s] Level 1:colcon.colcon_core.environment:create_environment_scripts_only(Autonomous_Systems_Project_Team_17)
[4.054s] INFO:colcon.colcon_core.shell:Creating package script '/home/moustafaahmed13/ros2_ws/install/Autonomous_Systems_Project_Team_17/share/Autonomous_Systems_Project_Team_17/package.ps1'
[4.055s] INFO:colcon.colcon_core.shell:Creating package descriptor '/home/moustafaahmed13/ros2_ws/install/Autonomous_Systems_Project_Team_17/share/Autonomous_Systems_Project_Team_17/package.dsv'
[4.056s] INFO:colcon.colcon_core.shell:Creating package script '/home/moustafaahmed13/ros2_ws/install/Autonomous_Systems_Project_Team_17/share/Autonomous_Systems_Project_Team_17/package.sh'
[4.056s] INFO:colcon.colcon_core.shell:Creating package script '/home/moustafaahmed13/ros2_ws/install/Autonomous_Systems_Project_Team_17/share/Autonomous_Systems_Project_Team_17/package.bash'
[4.057s] INFO:colcon.colcon_core.shell:Creating package script '/home/moustafaahmed13/ros2_ws/install/Autonomous_Systems_Project_Team_17/share/Autonomous_Systems_Project_Team_17/package.zsh'
[4.057s] Level 1:colcon.colcon_core.environment:create_file_with_runtime_dependencies(/home/moustafaahmed13/ros2_ws/install/Autonomous_Systems_Project_Team_17/share/colcon-core/packages/Autonomous_Systems_Project_Team_17)
[4.057s] DEBUG:colcon.colcon_parallel_executor.executor.parallel:closing loop
[4.058s] DEBUG:colcon.colcon_parallel_executor.executor.parallel:loop closed
[4.058s] DEBUG:colcon.colcon_parallel_executor.executor.parallel:run_until_complete finished with '0'
[4.058s] DEBUG:colcon.colcon_core.event_reactor:joining thread
[4.070s] INFO:colcon.colcon_core.plugin_system:Skipping extension 'colcon_notification.desktop_notification.terminal_notifier': Not used on non-Darwin systems
[4.070s] INFO:colcon.colcon_core.plugin_system:Skipping extension 'colcon_notification.desktop_notification.win32': Not used on non-Windows systems
[4.070s] INFO:colcon.colcon_notification.desktop_notification:Sending desktop notification using 'notify2'
[4.086s] DEBUG:colcon.colcon_core.event_reactor:joined thread
[4.086s] INFO:colcon.colcon_core.shell:Creating prefix script '/home/moustafaahmed13/ros2_ws/install/local_setup.ps1'
[4.087s] INFO:colcon.colcon_core.shell:Creating prefix util module '/home/moustafaahmed13/ros2_ws/install/_local_setup_util_ps1.py'
[4.089s] INFO:colcon.colcon_core.shell:Creating prefix chain script '/home/moustafaahmed13/ros2_ws/install/setup.ps1'
[4.090s] INFO:colcon.colcon_core.shell:Creating prefix script '/home/moustafaahmed13/ros2_ws/install/local_setup.sh'
[4.091s] INFO:colcon.colcon_core.shell:Creating prefix util module '/home/moustafaahmed13/ros2_ws/install/_local_setup_util_sh.py'
[4.091s] INFO:colcon.colcon_core.shell:Creating prefix chain script '/home/moustafaahmed13/ros2_ws/install/setup.sh'
[4.093s] INFO:colcon.colcon_core.shell:Creating prefix script '/home/moustafaahmed13/ros2_ws/install/local_setup.bash'
[4.093s] INFO:colcon.colcon_core.shell:Creating prefix chain script '/home/moustafaahmed13/ros2_ws/install/setup.bash'
[4.095s] INFO:colcon.colcon_core.shell:Creating prefix script '/home/moustafaahmed13/ros2_ws/install/local_setup.zsh'
[4.095s] INFO:colcon.colcon_core.shell:Creating prefix chain script '/home/moustafaahmed13/ros2_ws/install/setup.zsh'
