[0.376s] Invoking command in '/home/moustafaahmed13/ros2_ws/build/gazebo_ackermann_steering_vehicle': CMAKE_PREFIX_PATH=${CMAKE_PREFIX_PATH}:/home/moustafaahmed13/ros2_ws/install/Autonomous_Systems_Project_Team_17:/opt/ros/jazzy DEBUGINFOD_URLS=https://debuginfod.ubuntu.com /usr/bin/cmake /home/moustafaahmed13/ros2_ws/src/gazebo_ackermann_steering_vehicle -DAMENT_CMAKE_SYMLINK_INSTALL=1 -DCMAKE_INSTALL_PREFIX=/home/moustafaahmed13/ros2_ws/install/gazebo_ackermann_steering_vehicle
[0.398s] -- Found ament_cmake: 2.5.5 (/opt/ros/jazzy/share/ament_cmake/cmake)
[0.705s] -- Override CMake install command with custom implementation using symlinks instead of copying resources
[0.716s] -- Found rclcpp: 28.1.16 (/opt/ros/jazzy/share/rclcpp/cmake)
[0.774s] -- Found rosidl_generator_c: 4.6.7 (/opt/ros/jazzy/share/rosidl_generator_c/cmake)
[0.790s] -- Found rosidl_generator_cpp: 4.6.7 (/opt/ros/jazzy/share/rosidl_generator_cpp/cmake)
[0.806s] -- Using all available rosidl_typesupport_c: rosidl_typesupport_fastrtps_c;rosidl_typesupport_introspection_c
[0.829s] -- Using all available rosidl_typesupport_cpp: rosidl_typesupport_fastrtps_cpp;rosidl_typesupport_introspection_cpp
[0.992s] -- Found rmw_implementation_cmake: 7.3.3 (/opt/ros/jazzy/share/rmw_implementation_cmake/cmake)
[0.993s] -- Found rmw_fastrtps_cpp: 8.4.3 (/opt/ros/jazzy/share/rmw_fastrtps_cpp/cmake)
[1.120s] -- Using RMW implementation 'rmw_fastrtps_cpp' as default
[1.220s] -- Found std_msgs: 5.3.6 (/opt/ros/jazzy/share/std_msgs/cmake)
[1.241s] -- Found sensor_msgs: 5.3.6 (/opt/ros/jazzy/share/sensor_msgs/cmake)
[1.304s] -- Found ament_lint_auto: 0.17.4 (/opt/ros/jazzy/share/ament_lint_auto/cmake)
[1.446s] -- Added test 'cppcheck' to perform static code analysis on C / C++ code
[1.446s] -- Configured cppcheck include dirs: /home/moustafaahmed13/ros2_ws/src/gazebo_ackermann_steering_vehicle/include
[1.446s] -- Configured cppcheck exclude dirs and/or files: 
[1.448s] -- Added test 'flake8' to check Python code syntax and style conventions
[1.448s] -- Configured 'flake8' exclude dirs and/or files: 
[1.450s] -- Added test 'lint_cmake' to check CMake code style
[1.451s] -- Added test 'pep257' to check Python code against some of the docstring style conventions in PEP 257
[1.457s] -- Added test 'uncrustify' to check C / C++ code style
[1.457s] -- Configured uncrustify additional arguments: 
[1.458s] -- Added test 'xmllint' to check XML markup files
[1.460s] -- Configuring done (1.1s)
[1.482s] -- Generating done (0.0s)
[1.491s] -- Build files have been written to: /home/moustafaahmed13/ros2_ws/build/gazebo_ackermann_steering_vehicle
[1.503s] Invoked command in '/home/moustafaahmed13/ros2_ws/build/gazebo_ackermann_steering_vehicle' returned '0': CMAKE_PREFIX_PATH=${CMAKE_PREFIX_PATH}:/home/moustafaahmed13/ros2_ws/install/Autonomous_Systems_Project_Team_17:/opt/ros/jazzy DEBUGINFOD_URLS=https://debuginfod.ubuntu.com /usr/bin/cmake /home/moustafaahmed13/ros2_ws/src/gazebo_ackermann_steering_vehicle -DAMENT_CMAKE_SYMLINK_INSTALL=1 -DCMAKE_INSTALL_PREFIX=/home/moustafaahmed13/ros2_ws/install/gazebo_ackermann_steering_vehicle
[1.504s] Invoking command in '/home/moustafaahmed13/ros2_ws/build/gazebo_ackermann_steering_vehicle': CMAKE_PREFIX_PATH=${CMAKE_PREFIX_PATH}:/home/moustafaahmed13/ros2_ws/install/Autonomous_Systems_Project_Team_17:/opt/ros/jazzy DEBUGINFOD_URLS=https://debuginfod.ubuntu.com /usr/bin/cmake --build /home/moustafaahmed13/ros2_ws/build/gazebo_ackermann_steering_vehicle -- -j4 -l4
[1.603s] [ 50%] Built target joystick_controller
[1.605s] [100%] Built target vehicle_controller
[1.622s] Invoked command in '/home/moustafaahmed13/ros2_ws/build/gazebo_ackermann_steering_vehicle' returned '0': CMAKE_PREFIX_PATH=${CMAKE_PREFIX_PATH}:/home/moustafaahmed13/ros2_ws/install/Autonomous_Systems_Project_Team_17:/opt/ros/jazzy DEBUGINFOD_URLS=https://debuginfod.ubuntu.com /usr/bin/cmake --build /home/moustafaahmed13/ros2_ws/build/gazebo_ackermann_steering_vehicle -- -j4 -l4
[1.637s] Invoking command in '/home/moustafaahmed13/ros2_ws/build/gazebo_ackermann_steering_vehicle': CMAKE_PREFIX_PATH=${CMAKE_PREFIX_PATH}:/home/moustafaahmed13/ros2_ws/install/Autonomous_Systems_Project_Team_17:/opt/ros/jazzy DEBUGINFOD_URLS=https://debuginfod.ubuntu.com /usr/bin/cmake --install /home/moustafaahmed13/ros2_ws/build/gazebo_ackermann_steering_vehicle
[1.650s] -- Install configuration: ""
[1.651s] -- Execute custom install script
[1.651s] -- Up-to-date symlink: /home/moustafaahmed13/ros2_ws/install/gazebo_ackermann_steering_vehicle/share/gazebo_ackermann_steering_vehicle/launch/joystick.launch.py
[1.652s] -- Up-to-date symlink: /home/moustafaahmed13/ros2_ws/install/gazebo_ackermann_steering_vehicle/share/gazebo_ackermann_steering_vehicle/launch/vehicle.launch.py
[1.652s] -- Up-to-date symlink: /home/moustafaahmed13/ros2_ws/install/gazebo_ackermann_steering_vehicle/share/gazebo_ackermann_steering_vehicle/model/vehicle.xacro
[1.652s] -- Up-to-date symlink: /home/moustafaahmed13/ros2_ws/install/gazebo_ackermann_steering_vehicle/share/gazebo_ackermann_steering_vehicle/config/gz_ros2_control.yaml
[1.653s] -- Up-to-date symlink: /home/moustafaahmed13/ros2_ws/install/gazebo_ackermann_steering_vehicle/share/gazebo_ackermann_steering_vehicle/config/parameters.yaml
[1.653s] -- Up-to-date symlink: /home/moustafaahmed13/ros2_ws/install/gazebo_ackermann_steering_vehicle/share/gazebo_ackermann_steering_vehicle/config/ros_gz_bridge.yaml
[1.653s] -- Up-to-date symlink: /home/moustafaahmed13/ros2_ws/install/gazebo_ackermann_steering_vehicle/lib/gazebo_ackermann_steering_vehicle/vehicle_controller
[1.653s] -- Up-to-date symlink: /home/moustafaahmed13/ros2_ws/install/gazebo_ackermann_steering_vehicle/lib/gazebo_ackermann_steering_vehicle/joystick_controller
[1.653s] -- Up-to-date symlink: /home/moustafaahmed13/ros2_ws/install/gazebo_ackermann_steering_vehicle/share/ament_index/resource_index/package_run_dependencies/gazebo_ackermann_steering_vehicle
[1.654s] -- Up-to-date symlink: /home/moustafaahmed13/ros2_ws/install/gazebo_ackermann_steering_vehicle/share/ament_index/resource_index/parent_prefix_path/gazebo_ackermann_steering_vehicle
[1.654s] -- Up-to-date symlink: /home/moustafaahmed13/ros2_ws/install/gazebo_ackermann_steering_vehicle/share/gazebo_ackermann_steering_vehicle/environment/ament_prefix_path.sh
[1.654s] -- Up-to-date symlink: /home/moustafaahmed13/ros2_ws/install/gazebo_ackermann_steering_vehicle/share/gazebo_ackermann_steering_vehicle/environment/ament_prefix_path.dsv
[1.654s] -- Up-to-date symlink: /home/moustafaahmed13/ros2_ws/install/gazebo_ackermann_steering_vehicle/share/gazebo_ackermann_steering_vehicle/environment/path.sh
[1.655s] -- Up-to-date symlink: /home/moustafaahmed13/ros2_ws/install/gazebo_ackermann_steering_vehicle/share/gazebo_ackermann_steering_vehicle/environment/path.dsv
[1.655s] -- Up-to-date symlink: /home/moustafaahmed13/ros2_ws/install/gazebo_ackermann_steering_vehicle/share/gazebo_ackermann_steering_vehicle/local_setup.bash
[1.655s] -- Up-to-date symlink: /home/moustafaahmed13/ros2_ws/install/gazebo_ackermann_steering_vehicle/share/gazebo_ackermann_steering_vehicle/local_setup.sh
[1.655s] -- Up-to-date symlink: /home/moustafaahmed13/ros2_ws/install/gazebo_ackermann_steering_vehicle/share/gazebo_ackermann_steering_vehicle/local_setup.zsh
[1.656s] -- Up-to-date symlink: /home/moustafaahmed13/ros2_ws/install/gazebo_ackermann_steering_vehicle/share/gazebo_ackermann_steering_vehicle/local_setup.dsv
[1.656s] -- Symlinking: /home/moustafaahmed13/ros2_ws/install/gazebo_ackermann_steering_vehicle/share/gazebo_ackermann_steering_vehicle/package.dsv
[1.670s] -- Up-to-date symlink: /home/moustafaahmed13/ros2_ws/install/gazebo_ackermann_steering_vehicle/share/ament_index/resource_index/packages/gazebo_ackermann_steering_vehicle
[1.671s] -- Up-to-date symlink: /home/moustafaahmed13/ros2_ws/install/gazebo_ackermann_steering_vehicle/share/gazebo_ackermann_steering_vehicle/cmake/gazebo_ackermann_steering_vehicleConfig.cmake
[1.671s] -- Up-to-date symlink: /home/moustafaahmed13/ros2_ws/install/gazebo_ackermann_steering_vehicle/share/gazebo_ackermann_steering_vehicle/cmake/gazebo_ackermann_steering_vehicleConfig-version.cmake
[1.671s] -- Up-to-date symlink: /home/moustafaahmed13/ros2_ws/install/gazebo_ackermann_steering_vehicle/share/gazebo_ackermann_steering_vehicle/package.xml
[1.673s] Invoked command in '/home/moustafaahmed13/ros2_ws/build/gazebo_ackermann_steering_vehicle' returned '0': CMAKE_PREFIX_PATH=${CMAKE_PREFIX_PATH}:/home/moustafaahmed13/ros2_ws/install/Autonomous_Systems_Project_Team_17:/opt/ros/jazzy DEBUGINFOD_URLS=https://debuginfod.ubuntu.com /usr/bin/cmake --install /home/moustafaahmed13/ros2_ws/build/gazebo_ackermann_steering_vehicle
